[2024-05-12T17:41:11.239+0000] {local_task_job_runner.py:120} INFO - ::group::Pre task execution logs
[2024-05-12T17:41:11.301+0000] {taskinstance.py:2076} INFO - Dependencies all met for dep_context=non-requeueable deps ti=<TaskInstance: Data_Extraction_Transformation_Loading.dvc_init manual__2024-05-12T17:40:36.173273+00:00 [queued]>
[2024-05-12T17:41:11.324+0000] {taskinstance.py:2076} INFO - Dependencies all met for dep_context=requeueable deps ti=<TaskInstance: Data_Extraction_Transformation_Loading.dvc_init manual__2024-05-12T17:40:36.173273+00:00 [queued]>
[2024-05-12T17:41:11.325+0000] {taskinstance.py:2306} INFO - Starting attempt 1 of 2
[2024-05-12T17:41:11.400+0000] {taskinstance.py:2330} INFO - Executing <Task(BashOperator): dvc_init> on 2024-05-12 17:40:36.173273+00:00
[2024-05-12T17:41:11.409+0000] {standard_task_runner.py:90} INFO - Running: ['airflow', 'tasks', 'run', 'Data_Extraction_Transformation_Loading', 'dvc_init', 'manual__2024-05-12T17:40:36.173273+00:00', '--job-id', '112', '--raw', '--subdir', 'DAGS_FOLDER/i202478_dag.py', '--cfg-path', '/tmp/tmpxj5ckdo4']
[2024-05-12T17:41:11.414+0000] {standard_task_runner.py:91} INFO - Job 112: Subtask dvc_init
[2024-05-12T17:41:11.418+0000] {logging_mixin.py:188} WARNING - /home/airflow/.local/lib/python3.12/site-packages/airflow/task/task_runner/standard_task_runner.py:61 DeprecationWarning: This process (pid=148) is multi-threaded, use of fork() may lead to deadlocks in the child.
[2024-05-12T17:41:11.420+0000] {standard_task_runner.py:63} INFO - Started process 157 to run task
[2024-05-12T17:41:11.572+0000] {task_command.py:426} INFO - Running <TaskInstance: Data_Extraction_Transformation_Loading.dvc_init manual__2024-05-12T17:40:36.173273+00:00 [running]> on host da8cc0c3f69d
[2024-05-12T17:41:11.821+0000] {taskinstance.py:2648} INFO - Exporting env vars: AIRFLOW_CTX_DAG_OWNER='airflow' AIRFLOW_CTX_DAG_ID='Data_Extraction_Transformation_Loading' AIRFLOW_CTX_TASK_ID='dvc_init' AIRFLOW_CTX_EXECUTION_DATE='2024-05-12T17:40:36.173273+00:00' AIRFLOW_CTX_TRY_NUMBER='1' AIRFLOW_CTX_DAG_RUN_ID='manual__2024-05-12T17:40:36.173273+00:00'
[2024-05-12T17:41:11.823+0000] {taskinstance.py:430} INFO - ::endgroup::
[2024-05-12T17:41:11.846+0000] {subprocess.py:63} INFO - Tmp dir root location: /tmp
[2024-05-12T17:41:11.847+0000] {subprocess.py:75} INFO - Running command: ['/usr/bin/bash', '-c', 'dvc init --force --no-scm']
[2024-05-12T17:41:11.858+0000] {subprocess.py:86} INFO - Output:
[2024-05-12T17:41:13.505+0000] {subprocess.py:93} INFO - Initialized DVC repository.
[2024-05-12T17:41:13.506+0000] {subprocess.py:93} INFO - 
[2024-05-12T17:41:13.508+0000] {subprocess.py:93} INFO - +---------------------------------------------------------------------+
[2024-05-12T17:41:13.508+0000] {subprocess.py:93} INFO - |                                                                     |
[2024-05-12T17:41:13.510+0000] {subprocess.py:93} INFO - |        DVC has enabled anonymous aggregate usage analytics.         |
[2024-05-12T17:41:13.511+0000] {subprocess.py:93} INFO - |     Read the analytics documentation (and how to opt-out) here:     |
[2024-05-12T17:41:13.512+0000] {subprocess.py:93} INFO - |             <https://dvc.org/doc/user-guide/analytics>              |
[2024-05-12T17:41:13.513+0000] {subprocess.py:93} INFO - |                                                                     |
[2024-05-12T17:41:13.514+0000] {subprocess.py:93} INFO - +---------------------------------------------------------------------+
[2024-05-12T17:41:13.515+0000] {subprocess.py:93} INFO - 
[2024-05-12T17:41:13.516+0000] {subprocess.py:93} INFO - What's next?
[2024-05-12T17:41:13.516+0000] {subprocess.py:93} INFO - ------------
[2024-05-12T17:41:13.517+0000] {subprocess.py:93} INFO - - Check out the documentation: <https://dvc.org/doc>
[2024-05-12T17:41:13.518+0000] {subprocess.py:93} INFO - - Get help and share ideas: <https://dvc.org/chat>
[2024-05-12T17:41:13.519+0000] {subprocess.py:93} INFO - - Star us on GitHub: <https://github.com/iterative/dvc>
[2024-05-12T17:41:13.700+0000] {subprocess.py:97} INFO - Command exited with return code 0
[2024-05-12T17:41:13.702+0000] {taskinstance.py:441} INFO - ::group::Post task execution logs
[2024-05-12T17:41:13.788+0000] {taskinstance.py:1206} INFO - Marking task as SUCCESS. dag_id=Data_Extraction_Transformation_Loading, task_id=dvc_init, run_id=manual__2024-05-12T17:40:36.173273+00:00, execution_date=20240512T174036, start_date=20240512T174111, end_date=20240512T174113
[2024-05-12T17:41:13.892+0000] {local_task_job_runner.py:240} INFO - Task exited with return code 0
[2024-05-12T17:41:13.967+0000] {taskinstance.py:3498} INFO - 1 downstream tasks scheduled from follow-on schedule check
[2024-05-12T17:41:13.986+0000] {local_task_job_runner.py:222} INFO - ::endgroup::
