[2024-05-12T19:48:59.186+0000] {local_task_job_runner.py:120} INFO - ::group::Pre task execution logs
[2024-05-12T19:48:59.229+0000] {taskinstance.py:2076} INFO - Dependencies all met for dep_context=non-requeueable deps ti=<TaskInstance: Data_Extraction_Transformation_Loading_4.extract_data manual__2024-05-12T19:48:33.399525+00:00 [queued]>
[2024-05-12T19:48:59.248+0000] {taskinstance.py:2076} INFO - Dependencies all met for dep_context=requeueable deps ti=<TaskInstance: Data_Extraction_Transformation_Loading_4.extract_data manual__2024-05-12T19:48:33.399525+00:00 [queued]>
[2024-05-12T19:48:59.250+0000] {taskinstance.py:2306} INFO - Starting attempt 1 of 2
[2024-05-12T19:48:59.287+0000] {taskinstance.py:2330} INFO - Executing <Task(PythonOperator): extract_data> on 2024-05-12 19:48:33.399525+00:00
[2024-05-12T19:48:59.296+0000] {standard_task_runner.py:90} INFO - Running: ['airflow', 'tasks', 'run', 'Data_Extraction_Transformation_Loading_4', 'extract_data', 'manual__2024-05-12T19:48:33.399525+00:00', '--job-id', '152', '--raw', '--subdir', 'DAGS_FOLDER/i202478_dag.py', '--cfg-path', '/tmp/tmptn6y9xzf']
[2024-05-12T19:48:59.298+0000] {standard_task_runner.py:91} INFO - Job 152: Subtask extract_data
[2024-05-12T19:48:59.301+0000] {logging_mixin.py:188} WARNING - /home/airflow/.local/lib/python3.12/site-packages/airflow/task/task_runner/standard_task_runner.py:61 DeprecationWarning: This process (pid=1082) is multi-threaded, use of fork() may lead to deadlocks in the child.
[2024-05-12T19:48:59.302+0000] {standard_task_runner.py:63} INFO - Started process 1091 to run task
[2024-05-12T19:48:59.399+0000] {task_command.py:426} INFO - Running <TaskInstance: Data_Extraction_Transformation_Loading_4.extract_data manual__2024-05-12T19:48:33.399525+00:00 [running]> on host da8cc0c3f69d
[2024-05-12T19:48:59.552+0000] {taskinstance.py:2648} INFO - Exporting env vars: AIRFLOW_CTX_DAG_OWNER='airflow' AIRFLOW_CTX_DAG_ID='Data_Extraction_Transformation_Loading_4' AIRFLOW_CTX_TASK_ID='extract_data' AIRFLOW_CTX_EXECUTION_DATE='2024-05-12T19:48:33.399525+00:00' AIRFLOW_CTX_TRY_NUMBER='1' AIRFLOW_CTX_DAG_RUN_ID='manual__2024-05-12T19:48:33.399525+00:00'
[2024-05-12T19:48:59.554+0000] {taskinstance.py:430} INFO - ::endgroup::
[2024-05-12T19:52:59.601+0000] {logging_mixin.py:188} INFO - Error occurred while accessing https://www.dawn.com/authors/2617/jamil-nagri: 403 Client Error: Forbidden for url: https://www.dawn.com/authors/2617/jamil-nagri
[2024-05-12T19:53:01.092+0000] {logging_mixin.py:188} INFO - Error occurred while accessing https://www.dawn.com/authors/934/tariq-naqash: 403 Client Error: Forbidden for url: https://www.dawn.com/authors/934/tariq-naqash
[2024-05-12T19:53:23.694+0000] {logging_mixin.py:188} INFO - Error occurred while accessing https://www.dawn.com/news/1832796/pia-staff-forgets-to-put-boys-body-on-plane: 403 Client Error: Forbidden for url: https://www.dawn.com/news/1832796/pia-staff-forgets-to-put-boys-body-on-plane
[2024-05-12T19:53:30.554+0000] {logging_mixin.py:188} INFO - Error occurred while accessing https://www.dawn.com/authors/112/abbas-nasir: 403 Client Error: Forbidden for url: https://www.dawn.com/authors/112/abbas-nasir
[2024-05-12T19:53:33.787+0000] {logging_mixin.py:188} INFO - Error occurred while accessing https://www.dawn.com/news/1832982/insurgency-and-social-change: 403 Client Error: Forbidden for url: https://www.dawn.com/news/1832982/insurgency-and-social-change
[2024-05-12T19:53:34.502+0000] {logging_mixin.py:188} INFO - Error occurred while accessing https://www.dawn.com/authors/363/muhammad-amir-rana: 403 Client Error: Forbidden for url: https://www.dawn.com/authors/363/muhammad-amir-rana
[2024-05-12T19:53:36.400+0000] {logging_mixin.py:188} INFO - Error occurred while accessing https://www.dawn.com/news/1832981/indian-elections: 403 Client Error: Forbidden for url: https://www.dawn.com/news/1832981/indian-elections
[2024-05-12T19:53:39.287+0000] {logging_mixin.py:188} INFO - Error occurred while accessing https://www.dawn.com/news/1832979/overflowing-cups: 403 Client Error: Forbidden for url: https://www.dawn.com/news/1832979/overflowing-cups
[2024-05-12T19:53:39.983+0000] {logging_mixin.py:188} INFO - Error occurred while accessing https://www.dawn.com/authors/1320/muna-khan: 403 Client Error: Forbidden for url: https://www.dawn.com/authors/1320/muna-khan
[2024-05-12T19:53:43.859+0000] {logging_mixin.py:188} INFO - Error occurred while accessing https://www.dawn.com/authors/3134/tariq-parvez: 403 Client Error: Forbidden for url: https://www.dawn.com/authors/3134/tariq-parvez
[2024-05-12T19:53:49.041+0000] {logging_mixin.py:188} INFO - Error occurred while accessing https://www.dawn.com/news/1832984/hope-after-defeat: 403 Client Error: Forbidden for url: https://www.dawn.com/news/1832984/hope-after-defeat
[2024-05-12T19:53:50.495+0000] {logging_mixin.py:188} INFO - Error occurred while accessing https://www.dawn.com/news/1832985/cartoon-12-may-2024: 403 Client Error: Forbidden for url: https://www.dawn.com/news/1832985/cartoon-12-may-2024
[2024-05-12T19:53:51.957+0000] {logging_mixin.py:188} INFO - Error occurred while accessing https://www.dawn.com/authors/3134/tariq-parvez: 403 Client Error: Forbidden for url: https://www.dawn.com/authors/3134/tariq-parvez
[2024-05-12T19:53:55.251+0000] {logging_mixin.py:188} INFO - Error occurred while accessing https://www.dawn.com/authors/675/khurram-husain: 403 Client Error: Forbidden for url: https://www.dawn.com/authors/675/khurram-husain
[2024-05-12T19:53:57.682+0000] {logging_mixin.py:188} INFO - Error occurred while accessing https://www.dawn.com/authors/815/reema-omer: 403 Client Error: Forbidden for url: https://www.dawn.com/authors/815/reema-omer
[2024-05-12T19:53:59.127+0000] {logging_mixin.py:188} INFO - Error occurred while accessing https://www.dawn.com/news/1832831/an-inclusive-judiciary: 403 Client Error: Forbidden for url: https://www.dawn.com/news/1832831/an-inclusive-judiciary
[2024-05-12T19:54:01.231+0000] {logging_mixin.py:188} INFO - Error occurred while accessing https://www.dawn.com/authors/568/faisal-bari: 403 Client Error: Forbidden for url: https://www.dawn.com/authors/568/faisal-bari
[2024-05-12T19:54:02.744+0000] {logging_mixin.py:188} INFO - Error occurred while accessing https://www.dawn.com/news/1832621/education-emergency: 403 Client Error: Forbidden for url: https://www.dawn.com/news/1832621/education-emergency
[2024-05-12T19:54:03.335+0000] {logging_mixin.py:188} INFO - Error occurred while accessing https://www.dawn.com/authors/2112/mohammad-ali-babakhel: 403 Client Error: Forbidden for url: https://www.dawn.com/authors/2112/mohammad-ali-babakhel
[2024-05-12T19:54:07.758+0000] {logging_mixin.py:188} INFO - Error occurred while accessing https://www.dawn.com/news/1833053/imf-mission-to-meet-pakistani-authorities-next-week-to-discuss-next-phase-of-engagement-official: 403 Client Error: Forbidden for url: https://www.dawn.com/news/1833053/imf-mission-to-meet-pakistani-authorities-next-week-to-discuss-next-phase-of-engagement-official
[2024-05-12T19:54:09.245+0000] {logging_mixin.py:188} INFO - Error occurred while accessing https://www.dawn.com/news/1833050/no-such-thing-as-strategic-state-owned-enterprises-says-finance-minister-aurangzeb: 403 Client Error: Forbidden for url: https://www.dawn.com/news/1833050/no-such-thing-as-strategic-state-owned-enterprises-says-finance-minister-aurangzeb
[2024-05-12T19:54:12.438+0000] {logging_mixin.py:188} INFO - Error occurred while accessing https://www.dawn.com/news/1833000/adb-links-support-with-imfs-clean-chit: 403 Client Error: Forbidden for url: https://www.dawn.com/news/1833000/adb-links-support-with-imfs-clean-chit
[2024-05-12T19:54:15.441+0000] {logging_mixin.py:188} INFO - Error occurred while accessing https://www.dawn.com/news/1832993/areas-of-cooperation-with-saudi-arabia-identified-pm-shehbaz: 403 Client Error: Forbidden for url: https://www.dawn.com/news/1832993/areas-of-cooperation-with-saudi-arabia-identified-pm-shehbaz
[2024-05-12T19:54:16.883+0000] {logging_mixin.py:188} INFO - Error occurred while accessing https://www.dawn.com/news/1832994: 403 Client Error: Forbidden for url: https://www.dawn.com/news/1832994
[2024-05-12T19:54:20.090+0000] {logging_mixin.py:188} INFO - Error occurred while accessing https://www.dawn.com/news/1832999/exports-to-europe-fall-despite-gsp: 403 Client Error: Forbidden for url: https://www.dawn.com/news/1832999/exports-to-europe-fall-despite-gsp
[2024-05-12T19:54:28.202+0000] {logging_mixin.py:188} INFO - Error occurred while accessing https://www.dawn.com/news/1833052/fight-till-the-last-ball-pcb-chief-tells-cricket-team-in-dublin: 403 Client Error: Forbidden for url: https://www.dawn.com/news/1833052/fight-till-the-last-ball-pcb-chief-tells-cricket-team-in-dublin
[2024-05-12T19:54:34.020+0000] {logging_mixin.py:188} INFO - Error occurred while accessing https://www.dawn.com/news/1833021: 403 Client Error: Forbidden for url: https://www.dawn.com/news/1833021
[2024-05-12T19:54:37.849+0000] {logging_mixin.py:188} INFO - Error occurred while accessing https://www.dawn.com/news/1832928/real-madrid-eagerly-awaits-mbappe-after-psg-exit-confirmed: 403 Client Error: Forbidden for url: https://www.dawn.com/news/1832928/real-madrid-eagerly-awaits-mbappe-after-psg-exit-confirmed
[2024-05-12T19:54:40.831+0000] {logging_mixin.py:188} INFO - Error occurred while accessing https://www.dawn.com/news/1833046/second-night-of-auroras-seen-amid-extreme-solar-storm: 403 Client Error: Forbidden for url: https://www.dawn.com/news/1833046/second-night-of-auroras-seen-amid-extreme-solar-storm
[2024-05-12T19:54:44.122+0000] {logging_mixin.py:188} INFO - Error occurred while accessing https://www.dawn.com/news/1833042/canada-arrests-fourth-indian-national-in-killing-of-sikh-activist: 403 Client Error: Forbidden for url: https://www.dawn.com/news/1833042/canada-arrests-fourth-indian-national-in-killing-of-sikh-activist
[2024-05-12T19:54:44.798+0000] {logging_mixin.py:188} INFO - Error occurred while accessing https://www.dawn.com/news/1832947/israel-orders-palestinians-to-evacuate-from-more-areas-of-rafah: 403 Client Error: Forbidden for url: https://www.dawn.com/news/1832947/israel-orders-palestinians-to-evacuate-from-more-areas-of-rafah
[2024-05-12T19:54:47.204+0000] {logging_mixin.py:188} INFO - Error occurred while accessing https://www.dawn.com/news/1832948/uae-hits-out-at-netanyahu-for-saying-it-may-help-run-gaza: 403 Client Error: Forbidden for url: https://www.dawn.com/news/1832948/uae-hits-out-at-netanyahu-for-saying-it-may-help-run-gaza
[2024-05-12T19:54:49.428+0000] {logging_mixin.py:188} INFO - Error occurred while accessing https://www.dawn.com/news/1833001/washington-says-use-of-its-weapons-by-tel-aviv-in-gaza-violated-law: 403 Client Error: Forbidden for url: https://www.dawn.com/news/1833001/washington-says-use-of-its-weapons-by-tel-aviv-in-gaza-violated-law
[2024-05-12T19:54:50.660+0000] {logging_mixin.py:188} INFO - Error occurred while accessing https://www.dawn.com/news/1833001/washington-says-use-of-its-weapons-by-tel-aviv-in-gaza-violated-law: 403 Client Error: Forbidden for url: https://www.dawn.com/news/1833001/washington-says-use-of-its-weapons-by-tel-aviv-in-gaza-violated-law
[2024-05-12T19:54:51.319+0000] {logging_mixin.py:188} INFO - Error occurred while accessing https://www.dawn.com/news/1833009/delhi-cm-kejriwal-exhorts-indians-to-resist-dictatorship: 403 Client Error: Forbidden for url: https://www.dawn.com/news/1833009/delhi-cm-kejriwal-exhorts-indians-to-resist-dictatorship
[2024-05-12T19:54:51.947+0000] {logging_mixin.py:188} INFO - Error occurred while accessing https://www.dawn.com/news/1833009/delhi-cm-kejriwal-exhorts-indians-to-resist-dictatorship: 403 Client Error: Forbidden for url: https://www.dawn.com/news/1833009/delhi-cm-kejriwal-exhorts-indians-to-resist-dictatorship
[2024-05-12T19:54:58.504+0000] {logging_mixin.py:188} INFO - Error occurred while accessing https://www.dawn.com/authors/5777/images-staff: 403 Client Error: Forbidden for url: https://www.dawn.com/authors/5777/images-staff
[2024-05-12T19:54:59.222+0000] {logging_mixin.py:188} INFO - Error occurred while accessing https://images.dawn.com/news/1192428/we-asked-moms-what-they-really-want-for-mothers-day-and-no-it-isnt-a-kurta-or-a-candle: 403 Client Error: Forbidden for url: https://images.dawn.com/news/1192428/we-asked-moms-what-they-really-want-for-mothers-day-and-no-it-isnt-a-kurta-or-a-candle
[2024-05-12T19:55:05.526+0000] {logging_mixin.py:188} INFO - Error occurred while accessing https://images.dawn.com/news/1192427/going-loco-for-local-jugnus-chief-saab-candle-is-the-ultimate-karachi-kid-nostalgia: 403 Client Error: Forbidden for url: https://images.dawn.com/news/1192427/going-loco-for-local-jugnus-chief-saab-candle-is-the-ultimate-karachi-kid-nostalgia
[2024-05-12T19:55:06.976+0000] {logging_mixin.py:188} INFO - Error occurred while accessing https://www.dawn.com/authors/9236/siham-basir: 403 Client Error: Forbidden for url: https://www.dawn.com/authors/9236/siham-basir
[2024-05-12T19:55:10.544+0000] {logging_mixin.py:188} INFO - Error occurred while accessing https://www.dawn.com/news/1823323/fistula-and-child-marriages-the-two-epidemics-plaguing-women-in-gilgit-baltistan: 403 Client Error: Forbidden for url: https://www.dawn.com/news/1823323/fistula-and-child-marriages-the-two-epidemics-plaguing-women-in-gilgit-baltistan
[2024-05-12T19:55:11.775+0000] {logging_mixin.py:188} INFO - Error occurred while accessing https://www.dawn.com/news/1828987/2024-elections-whats-at-stake-for-indias-minorities: 403 Client Error: Forbidden for url: https://www.dawn.com/news/1828987/2024-elections-whats-at-stake-for-indias-minorities
[2024-05-12T19:55:17.075+0000] {logging_mixin.py:188} INFO - Error occurred while accessing https://www.dawn.com/news/1829562/from-screens-to-streets-how-gen-z-is-disrupting-the-status-quo-and-redefining-activism: 403 Client Error: Forbidden for url: https://www.dawn.com/news/1829562/from-screens-to-streets-how-gen-z-is-disrupting-the-status-quo-and-redefining-activism
[2024-05-12T19:55:18.305+0000] {logging_mixin.py:188} INFO - Error occurred while accessing https://www.dawn.com/authors/5119/uzair-m-younus: 403 Client Error: Forbidden for url: https://www.dawn.com/authors/5119/uzair-m-younus
[2024-05-12T19:55:19.654+0000] {logging_mixin.py:188} INFO - Error occurred while accessing https://www.dawn.com/news/1833005/art-group-employs-brainwaves-ai-to-recreate-landscapes: 403 Client Error: Forbidden for url: https://www.dawn.com/news/1833005/art-group-employs-brainwaves-ai-to-recreate-landscapes
[2024-05-12T19:55:23.406+0000] {logging_mixin.py:188} INFO - Error occurred while accessing https://www.dawn.com/news/1832658/pakistans-icube-qamar-beams-back-first-images-from-moons-orbit: 403 Client Error: Forbidden for url: https://www.dawn.com/news/1832658/pakistans-icube-qamar-beams-back-first-images-from-moons-orbit
[2024-05-12T19:55:26.474+0000] {logging_mixin.py:188} INFO - Error occurred while accessing https://www.dawn.com/authors/9835/nadir-guramani: 403 Client Error: Forbidden for url: https://www.dawn.com/authors/9835/nadir-guramani
[2024-05-12T19:55:27.137+0000] {logging_mixin.py:188} INFO - Error occurred while accessing https://www.dawn.com/news/1831980/people-with-two-copies-of-a-risk-gene-have-genetic-form-of-alzheimers-say-scientists: 403 Client Error: Forbidden for url: https://www.dawn.com/news/1831980/people-with-two-copies-of-a-risk-gene-have-genetic-form-of-alzheimers-say-scientists
[2024-05-12T19:55:28.344+0000] {logging_mixin.py:188} INFO - Error occurred while accessing https://www.dawn.com/news/1831980/people-with-two-copies-of-a-risk-gene-have-genetic-form-of-alzheimers-say-scientists: 403 Client Error: Forbidden for url: https://www.dawn.com/news/1831980/people-with-two-copies-of-a-risk-gene-have-genetic-form-of-alzheimers-say-scientists
[2024-05-12T19:55:29.015+0000] {logging_mixin.py:188} INFO - Error occurred while accessing https://www.dawn.com/authors/422/reuters: 403 Client Error: Forbidden for url: https://www.dawn.com/authors/422/reuters
[2024-05-12T19:55:32.389+0000] {logging_mixin.py:188} INFO - Error occurred while accessing https://www.dawn.com/news/1833021/fifas-foul-on-pakistan-football: 403 Client Error: Forbidden for url: https://www.dawn.com/news/1833021/fifas-foul-on-pakistan-football
[2024-05-12T19:55:34.559+0000] {logging_mixin.py:188} INFO - Error occurred while accessing https://www.dawn.com/news/1833020/essay-were-ready-for-your-close-up-now: 403 Client Error: Forbidden for url: https://www.dawn.com/news/1833020/essay-were-ready-for-your-close-up-now
[2024-05-12T19:55:35.783+0000] {logging_mixin.py:188} INFO - Error occurred while accessing https://www.dawn.com/news/1833020/essay-were-ready-for-your-close-up-now: 403 Client Error: Forbidden for url: https://www.dawn.com/news/1833020/essay-were-ready-for-your-close-up-now
[2024-05-12T19:55:37.218+0000] {logging_mixin.py:188} INFO - Error occurred while accessing https://www.dawn.com/authors/9288/neha-maqsood: 403 Client Error: Forbidden for url: https://www.dawn.com/authors/9288/neha-maqsood
[2024-05-12T19:55:38.714+0000] {logging_mixin.py:188} INFO - Error occurred while accessing https://www.dawn.com/news/1833019/football-girls-kicking-mountains: 403 Client Error: Forbidden for url: https://www.dawn.com/news/1833019/football-girls-kicking-mountains
[2024-05-12T19:55:44.161+0000] {logging_mixin.py:188} INFO - Error occurred while accessing https://www.dawn.com/news/1832575/style-all-about-my-mother: 403 Client Error: Forbidden for url: https://www.dawn.com/news/1832575/style-all-about-my-mother
[2024-05-12T19:55:44.878+0000] {logging_mixin.py:188} INFO - Error occurred while accessing https://www.dawn.com/news/1832575/style-all-about-my-mother: 403 Client Error: Forbidden for url: https://www.dawn.com/news/1832575/style-all-about-my-mother
[2024-05-12T19:55:48.120+0000] {logging_mixin.py:188} INFO - Error occurred while accessing https://www.dawn.com/news/1832572/soundscape-and-now-ai-music: 403 Client Error: Forbidden for url: https://www.dawn.com/news/1832572/soundscape-and-now-ai-music
[2024-05-12T19:55:50.286+0000] {logging_mixin.py:188} INFO - Error occurred while accessing https://www.dawn.com/news/1832574/the-grapevine: 403 Client Error: Forbidden for url: https://www.dawn.com/news/1832574/the-grapevine
[2024-05-12T19:55:51.713+0000] {logging_mixin.py:188} INFO - Error occurred while accessing https://www.dawn.com/news/1832574/the-grapevine: 403 Client Error: Forbidden for url: https://www.dawn.com/news/1832574/the-grapevine
[2024-05-12T19:55:52.946+0000] {logging_mixin.py:188} INFO - Error occurred while accessing https://www.dawn.com/authors/1734/pyt: 403 Client Error: Forbidden for url: https://www.dawn.com/authors/1734/pyt
[2024-05-12T19:55:55.994+0000] {logging_mixin.py:188} INFO - Error occurred while accessing https://www.dawn.com/news/1831798/packaging-film-sector-on-the-rise: 403 Client Error: Forbidden for url: https://www.dawn.com/news/1831798/packaging-film-sector-on-the-rise
[2024-05-12T19:55:57.435+0000] {logging_mixin.py:188} INFO - Error occurred while accessing https://www.dawn.com/news/1831798/packaging-film-sector-on-the-rise: 403 Client Error: Forbidden for url: https://www.dawn.com/news/1831798/packaging-film-sector-on-the-rise
[2024-05-12T19:56:03.100+0000] {logging_mixin.py:188} INFO - Error occurred while accessing https://www.dawn.com/news/1832758/echoes-of-love: 403 Client Error: Forbidden for url: https://www.dawn.com/news/1832758/echoes-of-love
[2024-05-12T19:56:06.397+0000] {logging_mixin.py:188} INFO - Error occurred while accessing https://www.dawn.com/news/1832757/mailbox: 403 Client Error: Forbidden for url: https://www.dawn.com/news/1832757/mailbox
[2024-05-12T19:56:12.826+0000] {logging_mixin.py:188} INFO - Error occurred while accessing https://aurora.dawn.com/news/1145109/the-agrarian-thespian: 403 Client Error: Forbidden for url: https://aurora.dawn.com/news/1145109/the-agrarian-thespian
[2024-05-12T19:56:41.105+0000] {logging_mixin.py:188} INFO - Error occurred while accessing https://twitter.com/dawn_com: HTTPSConnectionPool(host='twitter.com', port=443): Max retries exceeded with url: /dawn_com (Caused by SSLError(SSLEOFError(8, '[SSL: UNEXPECTED_EOF_WHILE_READING] EOF occurred in violation of protocol (_ssl.c:1000)')))
[2024-05-12T19:58:53.536+0000] {python.py:237} INFO - Done. Returned value was: None
[2024-05-12T19:58:53.538+0000] {taskinstance.py:441} INFO - ::group::Post task execution logs
[2024-05-12T19:58:53.550+0000] {taskinstance.py:1206} INFO - Marking task as SUCCESS. dag_id=Data_Extraction_Transformation_Loading_4, task_id=extract_data, run_id=manual__2024-05-12T19:48:33.399525+00:00, execution_date=20240512T194833, start_date=20240512T194859, end_date=20240512T195853
[2024-05-12T19:58:53.629+0000] {local_task_job_runner.py:240} INFO - Task exited with return code 0
[2024-05-12T19:58:53.667+0000] {taskinstance.py:3498} INFO - 1 downstream tasks scheduled from follow-on schedule check
[2024-05-12T19:58:53.677+0000] {local_task_job_runner.py:222} INFO - ::endgroup::
