[2024-05-12T20:58:47.893+0000] {local_task_job_runner.py:120} INFO - ::group::Pre task execution logs
[2024-05-12T20:58:47.950+0000] {taskinstance.py:2076} INFO - Dependencies all met for dep_context=non-requeueable deps ti=<TaskInstance: Data_Extraction_Transformation_Loading.dvc_add manual__2024-05-12T20:40:30.453200+00:00 [queued]>
[2024-05-12T20:58:47.978+0000] {taskinstance.py:2076} INFO - Dependencies all met for dep_context=requeueable deps ti=<TaskInstance: Data_Extraction_Transformation_Loading.dvc_add manual__2024-05-12T20:40:30.453200+00:00 [queued]>
[2024-05-12T20:58:47.979+0000] {taskinstance.py:2306} INFO - Starting attempt 1 of 2
[2024-05-12T20:58:48.049+0000] {taskinstance.py:2330} INFO - Executing <Task(BashOperator): dvc_add> on 2024-05-12 20:40:30.453200+00:00
[2024-05-12T20:58:48.063+0000] {standard_task_runner.py:90} INFO - Running: ['airflow', 'tasks', 'run', 'Data_Extraction_Transformation_Loading', 'dvc_add', 'manual__2024-05-12T20:40:30.453200+00:00', '--job-id', '168', '--raw', '--subdir', 'DAGS_FOLDER/i202478_dag.py', '--cfg-path', '/tmp/tmplmtxc4sm']
[2024-05-12T20:58:48.068+0000] {standard_task_runner.py:91} INFO - Job 168: Subtask dvc_add
[2024-05-12T20:58:48.074+0000] {logging_mixin.py:188} WARNING - /home/airflow/.local/lib/python3.12/site-packages/airflow/task/task_runner/standard_task_runner.py:61 DeprecationWarning: This process (pid=237) is multi-threaded, use of fork() may lead to deadlocks in the child.
[2024-05-12T20:58:48.076+0000] {standard_task_runner.py:63} INFO - Started process 246 to run task
[2024-05-12T20:58:48.214+0000] {task_command.py:426} INFO - Running <TaskInstance: Data_Extraction_Transformation_Loading.dvc_add manual__2024-05-12T20:40:30.453200+00:00 [running]> on host 3a6423a4af12
[2024-05-12T20:58:48.446+0000] {taskinstance.py:2648} INFO - Exporting env vars: AIRFLOW_CTX_DAG_OWNER='airflow' AIRFLOW_CTX_DAG_ID='Data_Extraction_Transformation_Loading' AIRFLOW_CTX_TASK_ID='dvc_add' AIRFLOW_CTX_EXECUTION_DATE='2024-05-12T20:40:30.453200+00:00' AIRFLOW_CTX_TRY_NUMBER='1' AIRFLOW_CTX_DAG_RUN_ID='manual__2024-05-12T20:40:30.453200+00:00'
[2024-05-12T20:58:48.449+0000] {taskinstance.py:430} INFO - ::endgroup::
[2024-05-12T20:58:48.476+0000] {subprocess.py:63} INFO - Tmp dir root location: /tmp
[2024-05-12T20:58:48.479+0000] {subprocess.py:75} INFO - Running command: ['/usr/bin/bash', '-c', 'cd /opt/airflow/dvc_repo && pwd && dvc add dataset_news_new.csv']
[2024-05-12T20:58:48.500+0000] {subprocess.py:86} INFO - Output:
[2024-05-12T20:58:48.504+0000] {subprocess.py:93} INFO - /opt/airflow/dvc_repo
[2024-05-12T20:58:51.071+0000] {subprocess.py:97} INFO - Command exited with return code 0
[2024-05-12T20:58:51.072+0000] {taskinstance.py:441} INFO - ::group::Post task execution logs
[2024-05-12T20:58:51.165+0000] {taskinstance.py:1206} INFO - Marking task as SUCCESS. dag_id=Data_Extraction_Transformation_Loading, task_id=dvc_add, run_id=manual__2024-05-12T20:40:30.453200+00:00, execution_date=20240512T204030, start_date=20240512T205847, end_date=20240512T205851
[2024-05-12T20:58:51.230+0000] {local_task_job_runner.py:240} INFO - Task exited with return code 0
[2024-05-12T20:58:51.291+0000] {taskinstance.py:3498} INFO - 1 downstream tasks scheduled from follow-on schedule check
[2024-05-12T20:58:51.313+0000] {local_task_job_runner.py:222} INFO - ::endgroup::
