[2024-05-12T19:48:44.318+0000] {local_task_job_runner.py:120} INFO - ::group::Pre task execution logs
[2024-05-12T19:48:44.358+0000] {taskinstance.py:2076} INFO - Dependencies all met for dep_context=non-requeueable deps ti=<TaskInstance: Data_Extraction_Transformation_Loading_4.dvc_init manual__2024-05-12T19:48:33.399525+00:00 [queued]>
[2024-05-12T19:48:44.373+0000] {taskinstance.py:2076} INFO - Dependencies all met for dep_context=requeueable deps ti=<TaskInstance: Data_Extraction_Transformation_Loading_4.dvc_init manual__2024-05-12T19:48:33.399525+00:00 [queued]>
[2024-05-12T19:48:44.373+0000] {taskinstance.py:2306} INFO - Starting attempt 1 of 2
[2024-05-12T19:48:44.408+0000] {taskinstance.py:2330} INFO - Executing <Task(BashOperator): dvc_init> on 2024-05-12 19:48:33.399525+00:00
[2024-05-12T19:48:44.414+0000] {standard_task_runner.py:90} INFO - Running: ['airflow', 'tasks', 'run', 'Data_Extraction_Transformation_Loading_4', 'dvc_init', 'manual__2024-05-12T19:48:33.399525+00:00', '--job-id', '150', '--raw', '--subdir', 'DAGS_FOLDER/i202478_dag.py', '--cfg-path', '/tmp/tmpzvijqwuz']
[2024-05-12T19:48:44.418+0000] {standard_task_runner.py:91} INFO - Job 150: Subtask dvc_init
[2024-05-12T19:48:44.422+0000] {logging_mixin.py:188} WARNING - /home/airflow/.local/lib/python3.12/site-packages/airflow/task/task_runner/standard_task_runner.py:61 DeprecationWarning: This process (pid=1020) is multi-threaded, use of fork() may lead to deadlocks in the child.
[2024-05-12T19:48:44.423+0000] {standard_task_runner.py:63} INFO - Started process 1029 to run task
[2024-05-12T19:48:44.493+0000] {task_command.py:426} INFO - Running <TaskInstance: Data_Extraction_Transformation_Loading_4.dvc_init manual__2024-05-12T19:48:33.399525+00:00 [running]> on host da8cc0c3f69d
[2024-05-12T19:48:44.615+0000] {taskinstance.py:2648} INFO - Exporting env vars: AIRFLOW_CTX_DAG_OWNER='airflow' AIRFLOW_CTX_DAG_ID='Data_Extraction_Transformation_Loading_4' AIRFLOW_CTX_TASK_ID='dvc_init' AIRFLOW_CTX_EXECUTION_DATE='2024-05-12T19:48:33.399525+00:00' AIRFLOW_CTX_TRY_NUMBER='1' AIRFLOW_CTX_DAG_RUN_ID='manual__2024-05-12T19:48:33.399525+00:00'
[2024-05-12T19:48:44.617+0000] {taskinstance.py:430} INFO - ::endgroup::
[2024-05-12T19:48:44.628+0000] {subprocess.py:63} INFO - Tmp dir root location: /tmp
[2024-05-12T19:48:44.630+0000] {subprocess.py:75} INFO - Running command: ['/usr/bin/bash', '-c', 'cd /opt/airflow/dvc_repo && dvc init --force --no-scm']
[2024-05-12T19:48:44.637+0000] {subprocess.py:86} INFO - Output:
[2024-05-12T19:48:45.875+0000] {subprocess.py:93} INFO - Initialized DVC repository.
[2024-05-12T19:48:45.876+0000] {subprocess.py:93} INFO - 
[2024-05-12T19:48:45.880+0000] {subprocess.py:93} INFO - +---------------------------------------------------------------------+
[2024-05-12T19:48:45.882+0000] {subprocess.py:93} INFO - |                                                                     |
[2024-05-12T19:48:45.882+0000] {subprocess.py:93} INFO - |        DVC has enabled anonymous aggregate usage analytics.         |
[2024-05-12T19:48:45.882+0000] {subprocess.py:93} INFO - |     Read the analytics documentation (and how to opt-out) here:     |
[2024-05-12T19:48:45.883+0000] {subprocess.py:93} INFO - |             <https://dvc.org/doc/user-guide/analytics>              |
[2024-05-12T19:48:45.883+0000] {subprocess.py:93} INFO - |                                                                     |
[2024-05-12T19:48:45.884+0000] {subprocess.py:93} INFO - +---------------------------------------------------------------------+
[2024-05-12T19:48:45.884+0000] {subprocess.py:93} INFO - 
[2024-05-12T19:48:45.884+0000] {subprocess.py:93} INFO - What's next?
[2024-05-12T19:48:45.885+0000] {subprocess.py:93} INFO - ------------
[2024-05-12T19:48:45.885+0000] {subprocess.py:93} INFO - - Check out the documentation: <https://dvc.org/doc>
[2024-05-12T19:48:45.885+0000] {subprocess.py:93} INFO - - Get help and share ideas: <https://dvc.org/chat>
[2024-05-12T19:48:45.886+0000] {subprocess.py:93} INFO - - Star us on GitHub: <https://github.com/iterative/dvc>
[2024-05-12T19:48:46.024+0000] {subprocess.py:97} INFO - Command exited with return code 0
[2024-05-12T19:48:46.025+0000] {taskinstance.py:441} INFO - ::group::Post task execution logs
[2024-05-12T19:48:46.077+0000] {taskinstance.py:1206} INFO - Marking task as SUCCESS. dag_id=Data_Extraction_Transformation_Loading_4, task_id=dvc_init, run_id=manual__2024-05-12T19:48:33.399525+00:00, execution_date=20240512T194833, start_date=20240512T194844, end_date=20240512T194846
[2024-05-12T19:48:46.124+0000] {local_task_job_runner.py:240} INFO - Task exited with return code 0
[2024-05-12T19:48:46.166+0000] {taskinstance.py:3498} INFO - 1 downstream tasks scheduled from follow-on schedule check
[2024-05-12T19:48:46.178+0000] {local_task_job_runner.py:222} INFO - ::endgroup::
