[2024-05-12T17:10:14.210+0000] {local_task_job_runner.py:120} INFO - ::group::Pre task execution logs
[2024-05-12T17:10:14.270+0000] {taskinstance.py:2076} INFO - Dependencies all met for dep_context=non-requeueable deps ti=<TaskInstance: Data_Extraction_Transformation_Loading_5.git_init manual__2024-05-12T17:10:05.288091+00:00 [queued]>
[2024-05-12T17:10:14.305+0000] {taskinstance.py:2076} INFO - Dependencies all met for dep_context=requeueable deps ti=<TaskInstance: Data_Extraction_Transformation_Loading_5.git_init manual__2024-05-12T17:10:05.288091+00:00 [queued]>
[2024-05-12T17:10:14.306+0000] {taskinstance.py:2306} INFO - Starting attempt 1 of 2
[2024-05-12T17:10:14.391+0000] {taskinstance.py:2330} INFO - Executing <Task(BashOperator): git_init> on 2024-05-12 17:10:05.288091+00:00
[2024-05-12T17:10:14.408+0000] {standard_task_runner.py:90} INFO - Running: ['airflow', 'tasks', 'run', 'Data_Extraction_Transformation_Loading_5', 'git_init', 'manual__2024-05-12T17:10:05.288091+00:00', '--job-id', '89', '--raw', '--subdir', 'DAGS_FOLDER/i202478_dag.py', '--cfg-path', '/tmp/tmptu3mb210']
[2024-05-12T17:10:14.415+0000] {standard_task_runner.py:91} INFO - Job 89: Subtask git_init
[2024-05-12T17:10:14.420+0000] {logging_mixin.py:188} WARNING - /home/airflow/.local/lib/python3.12/site-packages/airflow/task/task_runner/standard_task_runner.py:61 DeprecationWarning: This process (pid=83) is multi-threaded, use of fork() may lead to deadlocks in the child.
[2024-05-12T17:10:14.423+0000] {standard_task_runner.py:63} INFO - Started process 92 to run task
[2024-05-12T17:10:14.583+0000] {task_command.py:426} INFO - Running <TaskInstance: Data_Extraction_Transformation_Loading_5.git_init manual__2024-05-12T17:10:05.288091+00:00 [running]> on host 0c931294f372
[2024-05-12T17:10:14.793+0000] {taskinstance.py:2648} INFO - Exporting env vars: AIRFLOW_CTX_DAG_OWNER='airflow' AIRFLOW_CTX_DAG_ID='Data_Extraction_Transformation_Loading_5' AIRFLOW_CTX_TASK_ID='git_init' AIRFLOW_CTX_EXECUTION_DATE='2024-05-12T17:10:05.288091+00:00' AIRFLOW_CTX_TRY_NUMBER='1' AIRFLOW_CTX_DAG_RUN_ID='manual__2024-05-12T17:10:05.288091+00:00'
[2024-05-12T17:10:14.794+0000] {taskinstance.py:430} INFO - ::endgroup::
[2024-05-12T17:10:14.844+0000] {subprocess.py:63} INFO - Tmp dir root location: /tmp
[2024-05-12T17:10:14.847+0000] {subprocess.py:75} INFO - Running command: ['/usr/bin/bash', '-c', 'git init']
[2024-05-12T17:10:14.860+0000] {subprocess.py:86} INFO - Output:
[2024-05-12T17:10:14.911+0000] {subprocess.py:93} INFO - hint: Using 'master' as the name for the initial branch. This default branch name
[2024-05-12T17:10:14.912+0000] {subprocess.py:93} INFO - hint: is subject to change. To configure the initial branch name to use in all
[2024-05-12T17:10:14.914+0000] {subprocess.py:93} INFO - hint: of your new repositories, which will suppress this warning, call:
[2024-05-12T17:10:14.915+0000] {subprocess.py:93} INFO - hint:
[2024-05-12T17:10:14.916+0000] {subprocess.py:93} INFO - hint: 	git config --global init.defaultBranch <name>
[2024-05-12T17:10:14.917+0000] {subprocess.py:93} INFO - hint:
[2024-05-12T17:10:14.918+0000] {subprocess.py:93} INFO - hint: Names commonly chosen instead of 'master' are 'main', 'trunk' and
[2024-05-12T17:10:14.919+0000] {subprocess.py:93} INFO - hint: 'development'. The just-created branch can be renamed via this command:
[2024-05-12T17:10:14.920+0000] {subprocess.py:93} INFO - hint:
[2024-05-12T17:10:14.921+0000] {subprocess.py:93} INFO - hint: 	git branch -m <name>
[2024-05-12T17:10:14.922+0000] {subprocess.py:93} INFO - Initialized empty Git repository in /tmp/airflowtmpt29ety9q/.git/
[2024-05-12T17:10:14.923+0000] {subprocess.py:97} INFO - Command exited with return code 0
[2024-05-12T17:10:14.926+0000] {taskinstance.py:441} INFO - ::group::Post task execution logs
[2024-05-12T17:10:15.036+0000] {taskinstance.py:1206} INFO - Marking task as SUCCESS. dag_id=Data_Extraction_Transformation_Loading_5, task_id=git_init, run_id=manual__2024-05-12T17:10:05.288091+00:00, execution_date=20240512T171005, start_date=20240512T171014, end_date=20240512T171015
[2024-05-12T17:10:15.124+0000] {local_task_job_runner.py:240} INFO - Task exited with return code 0
[2024-05-12T17:10:15.240+0000] {taskinstance.py:3498} INFO - 1 downstream tasks scheduled from follow-on schedule check
[2024-05-12T17:10:15.262+0000] {local_task_job_runner.py:222} INFO - ::endgroup::
