[2024-05-12T17:58:10.149+0000] {local_task_job_runner.py:120} INFO - ::group::Pre task execution logs
[2024-05-12T17:58:10.218+0000] {taskinstance.py:2076} INFO - Dependencies all met for dep_context=non-requeueable deps ti=<TaskInstance: Data_Extraction_Transformation_Loading_3.git_init scheduled__2024-05-11T00:00:00+00:00 [queued]>
[2024-05-12T17:58:10.249+0000] {taskinstance.py:2076} INFO - Dependencies all met for dep_context=requeueable deps ti=<TaskInstance: Data_Extraction_Transformation_Loading_3.git_init scheduled__2024-05-11T00:00:00+00:00 [queued]>
[2024-05-12T17:58:10.250+0000] {taskinstance.py:2306} INFO - Starting attempt 1 of 2
[2024-05-12T17:58:10.323+0000] {taskinstance.py:2330} INFO - Executing <Task(BashOperator): git_init> on 2024-05-11 00:00:00+00:00
[2024-05-12T17:58:10.337+0000] {standard_task_runner.py:90} INFO - Running: ['airflow', 'tasks', 'run', 'Data_Extraction_Transformation_Loading_3', 'git_init', 'scheduled__2024-05-11T00:00:00+00:00', '--job-id', '119', '--raw', '--subdir', 'DAGS_FOLDER/i202478_dag.py', '--cfg-path', '/tmp/tmpu3w88nyk']
[2024-05-12T17:58:10.341+0000] {standard_task_runner.py:91} INFO - Job 119: Subtask git_init
[2024-05-12T17:58:10.348+0000] {logging_mixin.py:188} WARNING - /home/airflow/.local/lib/python3.12/site-packages/airflow/task/task_runner/standard_task_runner.py:61 DeprecationWarning: This process (pid=314) is multi-threaded, use of fork() may lead to deadlocks in the child.
[2024-05-12T17:58:10.353+0000] {standard_task_runner.py:63} INFO - Started process 323 to run task
[2024-05-12T17:58:10.604+0000] {task_command.py:426} INFO - Running <TaskInstance: Data_Extraction_Transformation_Loading_3.git_init scheduled__2024-05-11T00:00:00+00:00 [running]> on host da8cc0c3f69d
[2024-05-12T17:58:10.899+0000] {taskinstance.py:2648} INFO - Exporting env vars: AIRFLOW_CTX_DAG_OWNER='airflow' AIRFLOW_CTX_DAG_ID='Data_Extraction_Transformation_Loading_3' AIRFLOW_CTX_TASK_ID='git_init' AIRFLOW_CTX_EXECUTION_DATE='2024-05-11T00:00:00+00:00' AIRFLOW_CTX_TRY_NUMBER='1' AIRFLOW_CTX_DAG_RUN_ID='scheduled__2024-05-11T00:00:00+00:00'
[2024-05-12T17:58:10.902+0000] {taskinstance.py:430} INFO - ::endgroup::
[2024-05-12T17:58:10.923+0000] {subprocess.py:63} INFO - Tmp dir root location: /tmp
[2024-05-12T17:58:10.926+0000] {subprocess.py:75} INFO - Running command: ['/usr/bin/bash', '-c', 'git init']
[2024-05-12T17:58:10.941+0000] {subprocess.py:86} INFO - Output:
[2024-05-12T17:58:10.952+0000] {subprocess.py:93} INFO - hint: Using 'master' as the name for the initial branch. This default branch name
[2024-05-12T17:58:10.953+0000] {subprocess.py:93} INFO - hint: is subject to change. To configure the initial branch name to use in all
[2024-05-12T17:58:10.955+0000] {subprocess.py:93} INFO - hint: of your new repositories, which will suppress this warning, call:
[2024-05-12T17:58:10.956+0000] {subprocess.py:93} INFO - hint:
[2024-05-12T17:58:10.957+0000] {subprocess.py:93} INFO - hint: 	git config --global init.defaultBranch <name>
[2024-05-12T17:58:10.957+0000] {subprocess.py:93} INFO - hint:
[2024-05-12T17:58:10.958+0000] {subprocess.py:93} INFO - hint: Names commonly chosen instead of 'master' are 'main', 'trunk' and
[2024-05-12T17:58:10.959+0000] {subprocess.py:93} INFO - hint: 'development'. The just-created branch can be renamed via this command:
[2024-05-12T17:58:10.959+0000] {subprocess.py:93} INFO - hint:
[2024-05-12T17:58:10.960+0000] {subprocess.py:93} INFO - hint: 	git branch -m <name>
[2024-05-12T17:58:10.961+0000] {subprocess.py:93} INFO - Initialized empty Git repository in /tmp/airflowtmp_rw3q0si/.git/
[2024-05-12T17:58:10.963+0000] {subprocess.py:97} INFO - Command exited with return code 0
[2024-05-12T17:58:10.966+0000] {taskinstance.py:441} INFO - ::group::Post task execution logs
[2024-05-12T17:58:11.064+0000] {taskinstance.py:1206} INFO - Marking task as SUCCESS. dag_id=Data_Extraction_Transformation_Loading_3, task_id=git_init, run_id=scheduled__2024-05-11T00:00:00+00:00, execution_date=20240511T000000, start_date=20240512T175810, end_date=20240512T175811
[2024-05-12T17:58:11.179+0000] {local_task_job_runner.py:240} INFO - Task exited with return code 0
[2024-05-12T17:58:11.253+0000] {taskinstance.py:3498} INFO - 1 downstream tasks scheduled from follow-on schedule check
[2024-05-12T17:58:11.268+0000] {local_task_job_runner.py:222} INFO - ::endgroup::
