[2024-05-12T17:58:41.824+0000] {local_task_job_runner.py:120} INFO - ::group::Pre task execution logs
[2024-05-12T17:58:41.947+0000] {taskinstance.py:2076} INFO - Dependencies all met for dep_context=non-requeueable deps ti=<TaskInstance: Data_Extraction_Transformation_Loading_3.dvc_init manual__2024-05-12T17:58:00.875149+00:00 [queued]>
[2024-05-12T17:58:42.006+0000] {taskinstance.py:2076} INFO - Dependencies all met for dep_context=requeueable deps ti=<TaskInstance: Data_Extraction_Transformation_Loading_3.dvc_init manual__2024-05-12T17:58:00.875149+00:00 [queued]>
[2024-05-12T17:58:42.007+0000] {taskinstance.py:2306} INFO - Starting attempt 1 of 2
[2024-05-12T17:58:42.069+0000] {taskinstance.py:2330} INFO - Executing <Task(BashOperator): dvc_init> on 2024-05-12 17:58:00.875149+00:00
[2024-05-12T17:58:42.083+0000] {standard_task_runner.py:90} INFO - Running: ['airflow', 'tasks', 'run', 'Data_Extraction_Transformation_Loading_3', 'dvc_init', 'manual__2024-05-12T17:58:00.875149+00:00', '--job-id', '122', '--raw', '--subdir', 'DAGS_FOLDER/i202478_dag.py', '--cfg-path', '/tmp/tmpvmd1tszy']
[2024-05-12T17:58:42.087+0000] {standard_task_runner.py:91} INFO - Job 122: Subtask dvc_init
[2024-05-12T17:58:42.092+0000] {logging_mixin.py:188} WARNING - /home/airflow/.local/lib/python3.12/site-packages/airflow/task/task_runner/standard_task_runner.py:61 DeprecationWarning: This process (pid=352) is multi-threaded, use of fork() may lead to deadlocks in the child.
[2024-05-12T17:58:42.094+0000] {standard_task_runner.py:63} INFO - Started process 361 to run task
[2024-05-12T17:58:42.235+0000] {task_command.py:426} INFO - Running <TaskInstance: Data_Extraction_Transformation_Loading_3.dvc_init manual__2024-05-12T17:58:00.875149+00:00 [running]> on host da8cc0c3f69d
[2024-05-12T17:58:42.498+0000] {taskinstance.py:2648} INFO - Exporting env vars: AIRFLOW_CTX_DAG_OWNER='airflow' AIRFLOW_CTX_DAG_ID='Data_Extraction_Transformation_Loading_3' AIRFLOW_CTX_TASK_ID='dvc_init' AIRFLOW_CTX_EXECUTION_DATE='2024-05-12T17:58:00.875149+00:00' AIRFLOW_CTX_TRY_NUMBER='1' AIRFLOW_CTX_DAG_RUN_ID='manual__2024-05-12T17:58:00.875149+00:00'
[2024-05-12T17:58:42.501+0000] {taskinstance.py:430} INFO - ::endgroup::
[2024-05-12T17:58:42.520+0000] {subprocess.py:63} INFO - Tmp dir root location: /tmp
[2024-05-12T17:58:42.522+0000] {subprocess.py:75} INFO - Running command: ['/usr/bin/bash', '-c', 'dvc init --force --no-scm']
[2024-05-12T17:58:42.540+0000] {subprocess.py:86} INFO - Output:
[2024-05-12T17:58:44.335+0000] {subprocess.py:93} INFO - Initialized DVC repository.
[2024-05-12T17:58:44.337+0000] {subprocess.py:93} INFO - 
[2024-05-12T17:58:44.342+0000] {subprocess.py:93} INFO - +---------------------------------------------------------------------+
[2024-05-12T17:58:44.343+0000] {subprocess.py:93} INFO - |                                                                     |
[2024-05-12T17:58:44.344+0000] {subprocess.py:93} INFO - |        DVC has enabled anonymous aggregate usage analytics.         |
[2024-05-12T17:58:44.345+0000] {subprocess.py:93} INFO - |     Read the analytics documentation (and how to opt-out) here:     |
[2024-05-12T17:58:44.346+0000] {subprocess.py:93} INFO - |             <https://dvc.org/doc/user-guide/analytics>              |
[2024-05-12T17:58:44.346+0000] {subprocess.py:93} INFO - |                                                                     |
[2024-05-12T17:58:44.347+0000] {subprocess.py:93} INFO - +---------------------------------------------------------------------+
[2024-05-12T17:58:44.348+0000] {subprocess.py:93} INFO - 
[2024-05-12T17:58:44.349+0000] {subprocess.py:93} INFO - What's next?
[2024-05-12T17:58:44.349+0000] {subprocess.py:93} INFO - ------------
[2024-05-12T17:58:44.350+0000] {subprocess.py:93} INFO - - Check out the documentation: <https://dvc.org/doc>
[2024-05-12T17:58:44.351+0000] {subprocess.py:93} INFO - - Get help and share ideas: <https://dvc.org/chat>
[2024-05-12T17:58:44.351+0000] {subprocess.py:93} INFO - - Star us on GitHub: <https://github.com/iterative/dvc>
[2024-05-12T17:58:44.575+0000] {subprocess.py:97} INFO - Command exited with return code 0
[2024-05-12T17:58:44.577+0000] {taskinstance.py:441} INFO - ::group::Post task execution logs
[2024-05-12T17:58:44.658+0000] {taskinstance.py:1206} INFO - Marking task as SUCCESS. dag_id=Data_Extraction_Transformation_Loading_3, task_id=dvc_init, run_id=manual__2024-05-12T17:58:00.875149+00:00, execution_date=20240512T175800, start_date=20240512T175841, end_date=20240512T175844
[2024-05-12T17:58:44.728+0000] {local_task_job_runner.py:240} INFO - Task exited with return code 0
[2024-05-12T17:58:44.799+0000] {taskinstance.py:3498} INFO - 1 downstream tasks scheduled from follow-on schedule check
[2024-05-12T17:58:44.818+0000] {local_task_job_runner.py:222} INFO - ::endgroup::
