[2024-05-12T17:16:34.868+0000] {local_task_job_runner.py:120} INFO - ::group::Pre task execution logs
[2024-05-12T17:16:34.938+0000] {taskinstance.py:2076} INFO - Dependencies all met for dep_context=non-requeueable deps ti=<TaskInstance: Data_Extraction_Transformation_Loading_6.git_init scheduled__2024-05-11T00:00:00+00:00 [queued]>
[2024-05-12T17:16:34.967+0000] {taskinstance.py:2076} INFO - Dependencies all met for dep_context=requeueable deps ti=<TaskInstance: Data_Extraction_Transformation_Loading_6.git_init scheduled__2024-05-11T00:00:00+00:00 [queued]>
[2024-05-12T17:16:34.968+0000] {taskinstance.py:2306} INFO - Starting attempt 1 of 2
[2024-05-12T17:16:35.099+0000] {taskinstance.py:2330} INFO - Executing <Task(BashOperator): git_init> on 2024-05-11 00:00:00+00:00
[2024-05-12T17:16:35.109+0000] {standard_task_runner.py:90} INFO - Running: ['airflow', 'tasks', 'run', 'Data_Extraction_Transformation_Loading_6', 'git_init', 'scheduled__2024-05-11T00:00:00+00:00', '--job-id', '95', '--raw', '--subdir', 'DAGS_FOLDER/i202478_dag.py', '--cfg-path', '/tmp/tmpobcnliwg']
[2024-05-12T17:16:35.116+0000] {standard_task_runner.py:91} INFO - Job 95: Subtask git_init
[2024-05-12T17:16:35.119+0000] {logging_mixin.py:188} WARNING - /home/airflow/.local/lib/python3.12/site-packages/airflow/task/task_runner/standard_task_runner.py:61 DeprecationWarning: This process (pid=185) is multi-threaded, use of fork() may lead to deadlocks in the child.
[2024-05-12T17:16:35.120+0000] {standard_task_runner.py:63} INFO - Started process 194 to run task
[2024-05-12T17:16:35.287+0000] {task_command.py:426} INFO - Running <TaskInstance: Data_Extraction_Transformation_Loading_6.git_init scheduled__2024-05-11T00:00:00+00:00 [running]> on host 0c931294f372
[2024-05-12T17:16:35.556+0000] {taskinstance.py:2648} INFO - Exporting env vars: AIRFLOW_CTX_DAG_OWNER='airflow' AIRFLOW_CTX_DAG_ID='Data_Extraction_Transformation_Loading_6' AIRFLOW_CTX_TASK_ID='git_init' AIRFLOW_CTX_EXECUTION_DATE='2024-05-11T00:00:00+00:00' AIRFLOW_CTX_TRY_NUMBER='1' AIRFLOW_CTX_DAG_RUN_ID='scheduled__2024-05-11T00:00:00+00:00'
[2024-05-12T17:16:35.559+0000] {taskinstance.py:430} INFO - ::endgroup::
[2024-05-12T17:16:35.587+0000] {subprocess.py:63} INFO - Tmp dir root location: /tmp
[2024-05-12T17:16:35.589+0000] {subprocess.py:75} INFO - Running command: ['/usr/bin/bash', '-c', 'git init']
[2024-05-12T17:16:35.604+0000] {subprocess.py:86} INFO - Output:
[2024-05-12T17:16:35.617+0000] {subprocess.py:93} INFO - hint: Using 'master' as the name for the initial branch. This default branch name
[2024-05-12T17:16:35.619+0000] {subprocess.py:93} INFO - hint: is subject to change. To configure the initial branch name to use in all
[2024-05-12T17:16:35.621+0000] {subprocess.py:93} INFO - hint: of your new repositories, which will suppress this warning, call:
[2024-05-12T17:16:35.622+0000] {subprocess.py:93} INFO - hint:
[2024-05-12T17:16:35.622+0000] {subprocess.py:93} INFO - hint: 	git config --global init.defaultBranch <name>
[2024-05-12T17:16:35.623+0000] {subprocess.py:93} INFO - hint:
[2024-05-12T17:16:35.624+0000] {subprocess.py:93} INFO - hint: Names commonly chosen instead of 'master' are 'main', 'trunk' and
[2024-05-12T17:16:35.625+0000] {subprocess.py:93} INFO - hint: 'development'. The just-created branch can be renamed via this command:
[2024-05-12T17:16:35.626+0000] {subprocess.py:93} INFO - hint:
[2024-05-12T17:16:35.629+0000] {subprocess.py:93} INFO - hint: 	git branch -m <name>
[2024-05-12T17:16:35.630+0000] {subprocess.py:93} INFO - Initialized empty Git repository in /tmp/airflowtmpelovphhv/.git/
[2024-05-12T17:16:35.631+0000] {subprocess.py:97} INFO - Command exited with return code 0
[2024-05-12T17:16:35.633+0000] {taskinstance.py:441} INFO - ::group::Post task execution logs
[2024-05-12T17:16:35.737+0000] {taskinstance.py:1206} INFO - Marking task as SUCCESS. dag_id=Data_Extraction_Transformation_Loading_6, task_id=git_init, run_id=scheduled__2024-05-11T00:00:00+00:00, execution_date=20240511T000000, start_date=20240512T171634, end_date=20240512T171635
[2024-05-12T17:16:35.860+0000] {local_task_job_runner.py:240} INFO - Task exited with return code 0
[2024-05-12T17:16:35.972+0000] {taskinstance.py:3498} INFO - 1 downstream tasks scheduled from follow-on schedule check
[2024-05-12T17:16:35.997+0000] {local_task_job_runner.py:222} INFO - ::endgroup::
