[2024-05-12T20:40:43.581+0000] {local_task_job_runner.py:120} INFO - ::group::Pre task execution logs
[2024-05-12T20:40:43.636+0000] {taskinstance.py:2076} INFO - Dependencies all met for dep_context=non-requeueable deps ti=<TaskInstance: Data_Extraction_Transformation_Loading.create_dvc_directory manual__2024-05-12T20:40:30.453200+00:00 [queued]>
[2024-05-12T20:40:43.662+0000] {taskinstance.py:2076} INFO - Dependencies all met for dep_context=requeueable deps ti=<TaskInstance: Data_Extraction_Transformation_Loading.create_dvc_directory manual__2024-05-12T20:40:30.453200+00:00 [queued]>
[2024-05-12T20:40:43.663+0000] {taskinstance.py:2306} INFO - Starting attempt 1 of 2
[2024-05-12T20:40:43.734+0000] {taskinstance.py:2330} INFO - Executing <Task(BashOperator): create_dvc_directory> on 2024-05-12 20:40:30.453200+00:00
[2024-05-12T20:40:43.762+0000] {logging_mixin.py:188} WARNING - /home/airflow/.local/lib/python3.12/site-packages/airflow/task/task_runner/standard_task_runner.py:61 DeprecationWarning: This process (pid=101) is multi-threaded, use of fork() may lead to deadlocks in the child.
[2024-05-12T20:40:43.765+0000] {standard_task_runner.py:63} INFO - Started process 110 to run task
[2024-05-12T20:40:43.763+0000] {standard_task_runner.py:90} INFO - Running: ['airflow', 'tasks', 'run', 'Data_Extraction_Transformation_Loading', 'create_dvc_directory', 'manual__2024-05-12T20:40:30.453200+00:00', '--job-id', '161', '--raw', '--subdir', 'DAGS_FOLDER/i202478_dag.py', '--cfg-path', '/tmp/tmpycg7b0c4']
[2024-05-12T20:40:43.778+0000] {standard_task_runner.py:91} INFO - Job 161: Subtask create_dvc_directory
[2024-05-12T20:40:44.008+0000] {task_command.py:426} INFO - Running <TaskInstance: Data_Extraction_Transformation_Loading.create_dvc_directory manual__2024-05-12T20:40:30.453200+00:00 [running]> on host 3a6423a4af12
[2024-05-12T20:40:44.351+0000] {taskinstance.py:2648} INFO - Exporting env vars: AIRFLOW_CTX_DAG_OWNER='airflow' AIRFLOW_CTX_DAG_ID='Data_Extraction_Transformation_Loading' AIRFLOW_CTX_TASK_ID='create_dvc_directory' AIRFLOW_CTX_EXECUTION_DATE='2024-05-12T20:40:30.453200+00:00' AIRFLOW_CTX_TRY_NUMBER='1' AIRFLOW_CTX_DAG_RUN_ID='manual__2024-05-12T20:40:30.453200+00:00'
[2024-05-12T20:40:44.353+0000] {taskinstance.py:430} INFO - ::endgroup::
[2024-05-12T20:40:44.409+0000] {subprocess.py:63} INFO - Tmp dir root location: /tmp
[2024-05-12T20:40:44.411+0000] {subprocess.py:75} INFO - Running command: ['/usr/bin/bash', '-c', 'mkdir -p /opt/airflow/dvc_repo']
[2024-05-12T20:40:44.427+0000] {subprocess.py:86} INFO - Output:
[2024-05-12T20:40:44.447+0000] {subprocess.py:97} INFO - Command exited with return code 0
[2024-05-12T20:40:44.448+0000] {taskinstance.py:441} INFO - ::group::Post task execution logs
[2024-05-12T20:40:44.540+0000] {taskinstance.py:1206} INFO - Marking task as SUCCESS. dag_id=Data_Extraction_Transformation_Loading, task_id=create_dvc_directory, run_id=manual__2024-05-12T20:40:30.453200+00:00, execution_date=20240512T204030, start_date=20240512T204043, end_date=20240512T204044
[2024-05-12T20:40:44.628+0000] {local_task_job_runner.py:240} INFO - Task exited with return code 0
[2024-05-12T20:40:44.706+0000] {taskinstance.py:3498} INFO - 1 downstream tasks scheduled from follow-on schedule check
[2024-05-12T20:40:44.726+0000] {local_task_job_runner.py:222} INFO - ::endgroup::
