[2024-05-12T18:27:57.294+0000] {local_task_job_runner.py:120} INFO - ::group::Pre task execution logs
[2024-05-12T18:27:57.351+0000] {taskinstance.py:2076} INFO - Dependencies all met for dep_context=non-requeueable deps ti=<TaskInstance: Data_Extraction_Transformation_Loading_4.create_dvc_directory scheduled__2024-05-11T00:00:00+00:00 [queued]>
[2024-05-12T18:27:57.377+0000] {taskinstance.py:2076} INFO - Dependencies all met for dep_context=requeueable deps ti=<TaskInstance: Data_Extraction_Transformation_Loading_4.create_dvc_directory scheduled__2024-05-11T00:00:00+00:00 [queued]>
[2024-05-12T18:27:57.378+0000] {taskinstance.py:2306} INFO - Starting attempt 1 of 2
[2024-05-12T18:27:57.445+0000] {taskinstance.py:2330} INFO - Executing <Task(BashOperator): create_dvc_directory> on 2024-05-11 00:00:00+00:00
[2024-05-12T18:27:57.456+0000] {standard_task_runner.py:90} INFO - Running: ['airflow', 'tasks', 'run', 'Data_Extraction_Transformation_Loading_4', 'create_dvc_directory', 'scheduled__2024-05-11T00:00:00+00:00', '--job-id', '127', '--raw', '--subdir', 'DAGS_FOLDER/i202478_dag.py', '--cfg-path', '/tmp/tmpgjt1wx23']
[2024-05-12T18:27:57.461+0000] {standard_task_runner.py:91} INFO - Job 127: Subtask create_dvc_directory
[2024-05-12T18:27:57.464+0000] {logging_mixin.py:188} WARNING - /home/airflow/.local/lib/python3.12/site-packages/airflow/task/task_runner/standard_task_runner.py:61 DeprecationWarning: This process (pid=531) is multi-threaded, use of fork() may lead to deadlocks in the child.
[2024-05-12T18:27:57.465+0000] {standard_task_runner.py:63} INFO - Started process 540 to run task
[2024-05-12T18:27:57.620+0000] {task_command.py:426} INFO - Running <TaskInstance: Data_Extraction_Transformation_Loading_4.create_dvc_directory scheduled__2024-05-11T00:00:00+00:00 [running]> on host da8cc0c3f69d
[2024-05-12T18:27:57.880+0000] {taskinstance.py:2648} INFO - Exporting env vars: AIRFLOW_CTX_DAG_OWNER='airflow' AIRFLOW_CTX_DAG_ID='Data_Extraction_Transformation_Loading_4' AIRFLOW_CTX_TASK_ID='create_dvc_directory' AIRFLOW_CTX_EXECUTION_DATE='2024-05-11T00:00:00+00:00' AIRFLOW_CTX_TRY_NUMBER='1' AIRFLOW_CTX_DAG_RUN_ID='scheduled__2024-05-11T00:00:00+00:00'
[2024-05-12T18:27:57.882+0000] {taskinstance.py:430} INFO - ::endgroup::
[2024-05-12T18:27:57.906+0000] {subprocess.py:63} INFO - Tmp dir root location: /tmp
[2024-05-12T18:27:57.910+0000] {subprocess.py:75} INFO - Running command: ['/usr/bin/bash', '-c', 'mkdir -p /opt/airflow/dvc_repo']
[2024-05-12T18:27:57.925+0000] {subprocess.py:86} INFO - Output:
[2024-05-12T18:27:57.945+0000] {subprocess.py:97} INFO - Command exited with return code 0
[2024-05-12T18:27:57.946+0000] {taskinstance.py:441} INFO - ::group::Post task execution logs
[2024-05-12T18:27:58.099+0000] {taskinstance.py:1206} INFO - Marking task as SUCCESS. dag_id=Data_Extraction_Transformation_Loading_4, task_id=create_dvc_directory, run_id=scheduled__2024-05-11T00:00:00+00:00, execution_date=20240511T000000, start_date=20240512T182757, end_date=20240512T182758
[2024-05-12T18:27:58.210+0000] {local_task_job_runner.py:240} INFO - Task exited with return code 0
[2024-05-12T18:27:58.492+0000] {taskinstance.py:3498} INFO - 1 downstream tasks scheduled from follow-on schedule check
[2024-05-12T18:27:58.532+0000] {local_task_job_runner.py:222} INFO - ::endgroup::
