[2024-05-12T17:41:01.470+0000] {local_task_job_runner.py:120} INFO - ::group::Pre task execution logs
[2024-05-12T17:41:01.535+0000] {taskinstance.py:2076} INFO - Dependencies all met for dep_context=non-requeueable deps ti=<TaskInstance: Data_Extraction_Transformation_Loading.git_init manual__2024-05-12T17:40:40.931900+00:00 [queued]>
[2024-05-12T17:41:01.561+0000] {taskinstance.py:2076} INFO - Dependencies all met for dep_context=requeueable deps ti=<TaskInstance: Data_Extraction_Transformation_Loading.git_init manual__2024-05-12T17:40:40.931900+00:00 [queued]>
[2024-05-12T17:41:01.562+0000] {taskinstance.py:2306} INFO - Starting attempt 1 of 2
[2024-05-12T17:41:01.677+0000] {taskinstance.py:2330} INFO - Executing <Task(BashOperator): git_init> on 2024-05-12 17:40:40.931900+00:00
[2024-05-12T17:41:01.692+0000] {standard_task_runner.py:90} INFO - Running: ['airflow', 'tasks', 'run', 'Data_Extraction_Transformation_Loading', 'git_init', 'manual__2024-05-12T17:40:40.931900+00:00', '--job-id', '111', '--raw', '--subdir', 'DAGS_FOLDER/i202478_dag.py', '--cfg-path', '/tmp/tmp0h5gk6sn']
[2024-05-12T17:41:01.698+0000] {standard_task_runner.py:91} INFO - Job 111: Subtask git_init
[2024-05-12T17:41:01.703+0000] {logging_mixin.py:188} WARNING - /home/airflow/.local/lib/python3.12/site-packages/airflow/task/task_runner/standard_task_runner.py:61 DeprecationWarning: This process (pid=135) is multi-threaded, use of fork() may lead to deadlocks in the child.
[2024-05-12T17:41:01.705+0000] {standard_task_runner.py:63} INFO - Started process 144 to run task
[2024-05-12T17:41:01.871+0000] {task_command.py:426} INFO - Running <TaskInstance: Data_Extraction_Transformation_Loading.git_init manual__2024-05-12T17:40:40.931900+00:00 [running]> on host da8cc0c3f69d
[2024-05-12T17:41:02.350+0000] {taskinstance.py:2648} INFO - Exporting env vars: AIRFLOW_CTX_DAG_OWNER='airflow' AIRFLOW_CTX_DAG_ID='Data_Extraction_Transformation_Loading' AIRFLOW_CTX_TASK_ID='git_init' AIRFLOW_CTX_EXECUTION_DATE='2024-05-12T17:40:40.931900+00:00' AIRFLOW_CTX_TRY_NUMBER='1' AIRFLOW_CTX_DAG_RUN_ID='manual__2024-05-12T17:40:40.931900+00:00'
[2024-05-12T17:41:02.352+0000] {taskinstance.py:430} INFO - ::endgroup::
[2024-05-12T17:41:02.380+0000] {subprocess.py:63} INFO - Tmp dir root location: /tmp
[2024-05-12T17:41:02.382+0000] {subprocess.py:75} INFO - Running command: ['/usr/bin/bash', '-c', 'git init']
[2024-05-12T17:41:02.396+0000] {subprocess.py:86} INFO - Output:
[2024-05-12T17:41:02.404+0000] {subprocess.py:93} INFO - hint: Using 'master' as the name for the initial branch. This default branch name
[2024-05-12T17:41:02.406+0000] {subprocess.py:93} INFO - hint: is subject to change. To configure the initial branch name to use in all
[2024-05-12T17:41:02.413+0000] {subprocess.py:93} INFO - hint: of your new repositories, which will suppress this warning, call:
[2024-05-12T17:41:02.414+0000] {subprocess.py:93} INFO - hint:
[2024-05-12T17:41:02.416+0000] {subprocess.py:93} INFO - hint: 	git config --global init.defaultBranch <name>
[2024-05-12T17:41:02.417+0000] {subprocess.py:93} INFO - hint:
[2024-05-12T17:41:02.418+0000] {subprocess.py:93} INFO - hint: Names commonly chosen instead of 'master' are 'main', 'trunk' and
[2024-05-12T17:41:02.420+0000] {subprocess.py:93} INFO - hint: 'development'. The just-created branch can be renamed via this command:
[2024-05-12T17:41:02.421+0000] {subprocess.py:93} INFO - hint:
[2024-05-12T17:41:02.422+0000] {subprocess.py:93} INFO - hint: 	git branch -m <name>
[2024-05-12T17:41:02.424+0000] {subprocess.py:93} INFO - Initialized empty Git repository in /tmp/airflowtmpepzdl9vw/.git/
[2024-05-12T17:41:02.425+0000] {subprocess.py:97} INFO - Command exited with return code 0
[2024-05-12T17:41:02.428+0000] {taskinstance.py:441} INFO - ::group::Post task execution logs
[2024-05-12T17:41:02.578+0000] {taskinstance.py:1206} INFO - Marking task as SUCCESS. dag_id=Data_Extraction_Transformation_Loading, task_id=git_init, run_id=manual__2024-05-12T17:40:40.931900+00:00, execution_date=20240512T174040, start_date=20240512T174101, end_date=20240512T174102
[2024-05-12T17:41:02.648+0000] {local_task_job_runner.py:240} INFO - Task exited with return code 0
[2024-05-12T17:41:02.718+0000] {taskinstance.py:3498} INFO - 1 downstream tasks scheduled from follow-on schedule check
[2024-05-12T17:41:02.736+0000] {local_task_job_runner.py:222} INFO - ::endgroup::
