[2024-05-12T19:06:25.923+0000] {local_task_job_runner.py:120} INFO - ::group::Pre task execution logs
[2024-05-12T19:06:25.977+0000] {taskinstance.py:2076} INFO - Dependencies all met for dep_context=non-requeueable deps ti=<TaskInstance: Data_Extraction_Transformation_Loading_4.extract_data manual__2024-05-12T19:05:57.772972+00:00 [queued]>
[2024-05-12T19:06:25.997+0000] {taskinstance.py:2076} INFO - Dependencies all met for dep_context=requeueable deps ti=<TaskInstance: Data_Extraction_Transformation_Loading_4.extract_data manual__2024-05-12T19:05:57.772972+00:00 [queued]>
[2024-05-12T19:06:25.998+0000] {taskinstance.py:2306} INFO - Starting attempt 1 of 2
[2024-05-12T19:06:26.048+0000] {taskinstance.py:2330} INFO - Executing <Task(PythonOperator): extract_data> on 2024-05-12 19:05:57.772972+00:00
[2024-05-12T19:06:26.058+0000] {standard_task_runner.py:90} INFO - Running: ['airflow', 'tasks', 'run', 'Data_Extraction_Transformation_Loading_4', 'extract_data', 'manual__2024-05-12T19:05:57.772972+00:00', '--job-id', '144', '--raw', '--subdir', 'DAGS_FOLDER/i202478_dag.py', '--cfg-path', '/tmp/tmp8pgcoxr5']
[2024-05-12T19:06:26.061+0000] {standard_task_runner.py:91} INFO - Job 144: Subtask extract_data
[2024-05-12T19:06:26.065+0000] {logging_mixin.py:188} WARNING - /home/airflow/.local/lib/python3.12/site-packages/airflow/task/task_runner/standard_task_runner.py:61 DeprecationWarning: This process (pid=858) is multi-threaded, use of fork() may lead to deadlocks in the child.
[2024-05-12T19:06:26.067+0000] {standard_task_runner.py:63} INFO - Started process 883 to run task
[2024-05-12T19:06:26.189+0000] {task_command.py:426} INFO - Running <TaskInstance: Data_Extraction_Transformation_Loading_4.extract_data manual__2024-05-12T19:05:57.772972+00:00 [running]> on host da8cc0c3f69d
[2024-05-12T19:06:26.360+0000] {taskinstance.py:2648} INFO - Exporting env vars: AIRFLOW_CTX_DAG_OWNER='airflow' AIRFLOW_CTX_DAG_ID='Data_Extraction_Transformation_Loading_4' AIRFLOW_CTX_TASK_ID='extract_data' AIRFLOW_CTX_EXECUTION_DATE='2024-05-12T19:05:57.772972+00:00' AIRFLOW_CTX_TRY_NUMBER='1' AIRFLOW_CTX_DAG_RUN_ID='manual__2024-05-12T19:05:57.772972+00:00'
[2024-05-12T19:06:26.362+0000] {taskinstance.py:430} INFO - ::endgroup::
[2024-05-12T19:08:18.131+0000] {logging_mixin.py:188} INFO - Error occurred while accessing https://www.dawn.com/news/1833046/second-night-of-auroras-seen-amid-extreme-solar-storm: 403 Client Error: Forbidden for url: https://www.dawn.com/news/1833046/second-night-of-auroras-seen-amid-extreme-solar-storm
[2024-05-12T19:10:32.633+0000] {logging_mixin.py:188} INFO - Error occurred while accessing https://www.dawn.com/news/1831567: 403 Client Error: Forbidden for url: https://www.dawn.com/news/1831567
[2024-05-12T19:10:34.996+0000] {logging_mixin.py:188} INFO - Error occurred while accessing https://www.dawn.com/authors/2617/jamil-nagri: 403 Client Error: Forbidden for url: https://www.dawn.com/authors/2617/jamil-nagri
[2024-05-12T19:10:35.671+0000] {logging_mixin.py:188} INFO - Error occurred while accessing https://www.dawn.com/authors/934/tariq-naqash: 403 Client Error: Forbidden for url: https://www.dawn.com/authors/934/tariq-naqash
[2024-05-12T19:10:44.872+0000] {logging_mixin.py:188} INFO - Error occurred while accessing https://www.dawn.com/news/1832868/sultan-azlan-shah-cup-pakistan-fall-as-dead-sport-recaptures-audience-once-again: 403 Client Error: Forbidden for url: https://www.dawn.com/news/1832868/sultan-azlan-shah-cup-pakistan-fall-as-dead-sport-recaptures-audience-once-again
[2024-05-12T19:10:45.567+0000] {logging_mixin.py:188} INFO - Error occurred while accessing https://www.dawn.com/news/1832658/pakistans-icube-qamar-beams-back-first-images-from-moons-orbit: 403 Client Error: Forbidden for url: https://www.dawn.com/news/1832658/pakistans-icube-qamar-beams-back-first-images-from-moons-orbit
[2024-05-12T19:10:52.461+0000] {logging_mixin.py:188} INFO - Error occurred while accessing https://www.dawn.com/news/1832796/pia-staff-forgets-to-put-boys-body-on-plane: 403 Client Error: Forbidden for url: https://www.dawn.com/news/1832796/pia-staff-forgets-to-put-boys-body-on-plane
[2024-05-12T19:11:02.066+0000] {logging_mixin.py:188} INFO - Error occurred while accessing https://www.dawn.com/authors/363/muhammad-amir-rana: 403 Client Error: Forbidden for url: https://www.dawn.com/authors/363/muhammad-amir-rana
[2024-05-12T19:11:02.665+0000] {logging_mixin.py:188} INFO - Error occurred while accessing https://www.dawn.com/news/1832981/indian-elections: 403 Client Error: Forbidden for url: https://www.dawn.com/news/1832981/indian-elections
[2024-05-12T19:11:03.293+0000] {logging_mixin.py:188} INFO - Error occurred while accessing https://www.dawn.com/news/1832981/indian-elections: 403 Client Error: Forbidden for url: https://www.dawn.com/news/1832981/indian-elections
[2024-05-12T19:11:09.081+0000] {logging_mixin.py:188} INFO - Error occurred while accessing https://www.dawn.com/news/1832832/the-lethal-troika: 403 Client Error: Forbidden for url: https://www.dawn.com/news/1832832/the-lethal-troika
[2024-05-12T19:11:10.303+0000] {logging_mixin.py:188} INFO - Error occurred while accessing https://www.dawn.com/news/1832832/the-lethal-troika: 403 Client Error: Forbidden for url: https://www.dawn.com/news/1832832/the-lethal-troika
[2024-05-12T19:11:11.767+0000] {logging_mixin.py:188} INFO - Error occurred while accessing https://www.dawn.com/authors/3134/tariq-parvez: 403 Client Error: Forbidden for url: https://www.dawn.com/authors/3134/tariq-parvez
[2024-05-12T19:11:17.012+0000] {logging_mixin.py:188} INFO - Error occurred while accessing https://www.dawn.com/news/1832985/cartoon-12-may-2024: 403 Client Error: Forbidden for url: https://www.dawn.com/news/1832985/cartoon-12-may-2024
[2024-05-12T19:11:18.245+0000] {logging_mixin.py:188} INFO - Error occurred while accessing https://www.dawn.com/authors/3134/tariq-parvez: 403 Client Error: Forbidden for url: https://www.dawn.com/authors/3134/tariq-parvez
[2024-05-12T19:11:19.528+0000] {logging_mixin.py:188} INFO - Error occurred while accessing https://www.dawn.com/news/1832832/the-lethal-troika: 403 Client Error: Forbidden for url: https://www.dawn.com/news/1832832/the-lethal-troika
[2024-05-12T19:11:20.774+0000] {logging_mixin.py:188} INFO - Error occurred while accessing https://www.dawn.com/authors/675/khurram-husain: 403 Client Error: Forbidden for url: https://www.dawn.com/authors/675/khurram-husain
[2024-05-12T19:11:24.780+0000] {logging_mixin.py:188} INFO - Error occurred while accessing https://www.dawn.com/authors/5582/sahar-bandial: 403 Client Error: Forbidden for url: https://www.dawn.com/authors/5582/sahar-bandial
[2024-05-12T19:11:25.378+0000] {logging_mixin.py:188} INFO - Error occurred while accessing https://www.dawn.com/news/1832829/child-marriages: 403 Client Error: Forbidden for url: https://www.dawn.com/news/1832829/child-marriages
[2024-05-12T19:11:26.719+0000] {logging_mixin.py:188} INFO - Error occurred while accessing https://www.dawn.com/news/1832621/education-emergency: 403 Client Error: Forbidden for url: https://www.dawn.com/news/1832621/education-emergency
[2024-05-12T19:11:27.366+0000] {logging_mixin.py:188} INFO - Error occurred while accessing https://www.dawn.com/authors/2112/mohammad-ali-babakhel: 403 Client Error: Forbidden for url: https://www.dawn.com/authors/2112/mohammad-ali-babakhel
[2024-05-12T19:11:28.121+0000] {logging_mixin.py:188} INFO - Error occurred while accessing https://www.dawn.com/news/1832830/street-safety: 403 Client Error: Forbidden for url: https://www.dawn.com/news/1832830/street-safety
[2024-05-12T19:11:31.818+0000] {logging_mixin.py:188} INFO - Error occurred while accessing https://www.dawn.com/news/1833053/imf-mission-to-meet-pakistani-authorities-next-week-to-discuss-next-phase-of-engagement-official: 403 Client Error: Forbidden for url: https://www.dawn.com/news/1833053/imf-mission-to-meet-pakistani-authorities-next-week-to-discuss-next-phase-of-engagement-official
[2024-05-12T19:11:33.310+0000] {logging_mixin.py:188} INFO - Error occurred while accessing https://www.dawn.com/news/1833050/no-such-thing-as-strategic-state-owned-enterprises-says-finance-minister-aurangzeb: 403 Client Error: Forbidden for url: https://www.dawn.com/news/1833050/no-such-thing-as-strategic-state-owned-enterprises-says-finance-minister-aurangzeb
[2024-05-12T19:11:33.997+0000] {logging_mixin.py:188} INFO - Error occurred while accessing https://www.dawn.com/news/1833050/no-such-thing-as-strategic-state-owned-enterprises-says-finance-minister-aurangzeb: 403 Client Error: Forbidden for url: https://www.dawn.com/news/1833050/no-such-thing-as-strategic-state-owned-enterprises-says-finance-minister-aurangzeb
[2024-05-12T19:11:35.952+0000] {logging_mixin.py:188} INFO - Error occurred while accessing https://www.dawn.com/news/1833000/adb-links-support-with-imfs-clean-chit: 403 Client Error: Forbidden for url: https://www.dawn.com/news/1833000/adb-links-support-with-imfs-clean-chit
[2024-05-12T19:11:43.385+0000] {logging_mixin.py:188} INFO - Error occurred while accessing https://www.dawn.com/news/1832999/exports-to-europe-fall-despite-gsp: 403 Client Error: Forbidden for url: https://www.dawn.com/news/1832999/exports-to-europe-fall-despite-gsp
[2024-05-12T19:11:44.091+0000] {logging_mixin.py:188} INFO - Error occurred while accessing https://www.dawn.com/news/1832999/exports-to-europe-fall-despite-gsp: 403 Client Error: Forbidden for url: https://www.dawn.com/news/1832999/exports-to-europe-fall-despite-gsp
[2024-05-12T19:11:52.406+0000] {logging_mixin.py:188} INFO - Error occurred while accessing https://www.dawn.com/news/1833061/heros-welcome-for-hockey-team-in-lahore-after-winning-silver-medal-in-azlan-shah-cup: 403 Client Error: Forbidden for url: https://www.dawn.com/news/1833061/heros-welcome-for-hockey-team-in-lahore-after-winning-silver-medal-in-azlan-shah-cup
[2024-05-12T19:11:53.237+0000] {logging_mixin.py:188} INFO - Error occurred while accessing https://www.dawn.com/news/1833061/heros-welcome-for-hockey-team-in-lahore-after-winning-silver-medal-in-azlan-shah-cup: 403 Client Error: Forbidden for url: https://www.dawn.com/news/1833061/heros-welcome-for-hockey-team-in-lahore-after-winning-silver-medal-in-azlan-shah-cup
[2024-05-12T19:11:57.912+0000] {logging_mixin.py:188} INFO - Error occurred while accessing https://www.dawn.com/news/1833021: 403 Client Error: Forbidden for url: https://www.dawn.com/news/1833021
[2024-05-12T19:12:01.155+0000] {logging_mixin.py:188} INFO - Error occurred while accessing https://www.dawn.com/news/1832946/bednarek-storms-to-200m-triumph-in-doha-neeraj-chopra-falls-short: 403 Client Error: Forbidden for url: https://www.dawn.com/news/1832946/bednarek-storms-to-200m-triumph-in-doha-neeraj-chopra-falls-short
[2024-05-12T19:12:01.850+0000] {logging_mixin.py:188} INFO - Error occurred while accessing https://www.dawn.com/news/1832946/bednarek-storms-to-200m-triumph-in-doha-neeraj-chopra-falls-short: 403 Client Error: Forbidden for url: https://www.dawn.com/news/1832946/bednarek-storms-to-200m-triumph-in-doha-neeraj-chopra-falls-short
[2024-05-12T19:12:08.860+0000] {logging_mixin.py:188} INFO - Error occurred while accessing https://www.dawn.com/news/1833046/second-night-of-auroras-seen-amid-extreme-solar-storm: 403 Client Error: Forbidden for url: https://www.dawn.com/news/1833046/second-night-of-auroras-seen-amid-extreme-solar-storm
[2024-05-12T19:12:09.650+0000] {logging_mixin.py:188} INFO - Error occurred while accessing https://www.dawn.com/news/1833042/canada-arrests-fourth-indian-national-in-killing-of-sikh-activist: 403 Client Error: Forbidden for url: https://www.dawn.com/news/1833042/canada-arrests-fourth-indian-national-in-killing-of-sikh-activist
[2024-05-12T19:12:12.013+0000] {logging_mixin.py:188} INFO - Error occurred while accessing https://www.dawn.com/news/1832947/israel-orders-palestinians-to-evacuate-from-more-areas-of-rafah: 403 Client Error: Forbidden for url: https://www.dawn.com/news/1832947/israel-orders-palestinians-to-evacuate-from-more-areas-of-rafah
[2024-05-12T19:12:15.278+0000] {logging_mixin.py:188} INFO - Error occurred while accessing https://www.dawn.com/news/1832948/uae-hits-out-at-netanyahu-for-saying-it-may-help-run-gaza: 403 Client Error: Forbidden for url: https://www.dawn.com/news/1832948/uae-hits-out-at-netanyahu-for-saying-it-may-help-run-gaza
[2024-05-12T19:12:16.732+0000] {logging_mixin.py:188} INFO - Error occurred while accessing https://www.dawn.com/news/1833001/washington-says-use-of-its-weapons-by-tel-aviv-in-gaza-violated-law: 403 Client Error: Forbidden for url: https://www.dawn.com/news/1833001/washington-says-use-of-its-weapons-by-tel-aviv-in-gaza-violated-law
[2024-05-12T19:12:18.246+0000] {logging_mixin.py:188} INFO - Error occurred while accessing https://www.dawn.com/news/1833001/washington-says-use-of-its-weapons-by-tel-aviv-in-gaza-violated-law: 403 Client Error: Forbidden for url: https://www.dawn.com/news/1833001/washington-says-use-of-its-weapons-by-tel-aviv-in-gaza-violated-law
[2024-05-12T19:12:24.955+0000] {logging_mixin.py:188} INFO - Error occurred while accessing https://images.dawn.com/news/1192429/men-must-take-the-lead-in-standing-up-against-sexual-harassment-says-hamza-ali-abbasi: 403 Client Error: Forbidden for url: https://images.dawn.com/news/1192429/men-must-take-the-lead-in-standing-up-against-sexual-harassment-says-hamza-ali-abbasi
[2024-05-12T19:12:30.414+0000] {logging_mixin.py:188} INFO - Error occurred while accessing https://www.dawn.com/authors/10857/mashael-shah: 403 Client Error: Forbidden for url: https://www.dawn.com/authors/10857/mashael-shah
[2024-05-12T19:12:34.720+0000] {logging_mixin.py:188} INFO - Error occurred while accessing https://www.dawn.com/authors/9236/siham-basir: 403 Client Error: Forbidden for url: https://www.dawn.com/authors/9236/siham-basir
[2024-05-12T19:12:42.923+0000] {logging_mixin.py:188} INFO - Error occurred while accessing https://www.dawn.com/news/1828987/2024-elections-whats-at-stake-for-indias-minorities: 403 Client Error: Forbidden for url: https://www.dawn.com/news/1828987/2024-elections-whats-at-stake-for-indias-minorities
[2024-05-12T19:12:43.542+0000] {logging_mixin.py:188} INFO - Error occurred while accessing https://www.dawn.com/news/1828987/2024-elections-whats-at-stake-for-indias-minorities: 403 Client Error: Forbidden for url: https://www.dawn.com/news/1828987/2024-elections-whats-at-stake-for-indias-minorities
[2024-05-12T19:12:45.051+0000] {logging_mixin.py:188} INFO - Error occurred while accessing https://www.dawn.com/authors/11014/sajjad-hassan: 403 Client Error: Forbidden for url: https://www.dawn.com/authors/11014/sajjad-hassan
[2024-05-12T19:12:50.528+0000] {logging_mixin.py:188} INFO - Error occurred while accessing https://www.dawn.com/news/1833005/art-group-employs-brainwaves-ai-to-recreate-landscapes: 403 Client Error: Forbidden for url: https://www.dawn.com/news/1833005/art-group-employs-brainwaves-ai-to-recreate-landscapes
[2024-05-12T19:12:52.689+0000] {logging_mixin.py:188} INFO - Error occurred while accessing https://www.dawn.com/authors/119/afp: 403 Client Error: Forbidden for url: https://www.dawn.com/authors/119/afp
[2024-05-12T19:12:57.143+0000] {logging_mixin.py:188} INFO - Error occurred while accessing https://www.dawn.com/news/1831980/people-with-two-copies-of-a-risk-gene-have-genetic-form-of-alzheimers-say-scientists: 403 Client Error: Forbidden for url: https://www.dawn.com/news/1831980/people-with-two-copies-of-a-risk-gene-have-genetic-form-of-alzheimers-say-scientists
[2024-05-12T19:12:57.801+0000] {logging_mixin.py:188} INFO - Error occurred while accessing https://www.dawn.com/news/1831980/people-with-two-copies-of-a-risk-gene-have-genetic-form-of-alzheimers-say-scientists: 403 Client Error: Forbidden for url: https://www.dawn.com/news/1831980/people-with-two-copies-of-a-risk-gene-have-genetic-form-of-alzheimers-say-scientists
[2024-05-12T19:12:59.070+0000] {logging_mixin.py:188} INFO - Error occurred while accessing https://www.dawn.com/authors/422/reuters: 403 Client Error: Forbidden for url: https://www.dawn.com/authors/422/reuters
[2024-05-12T19:13:03.349+0000] {logging_mixin.py:188} INFO - Error occurred while accessing https://www.dawn.com/news/1833021/fifas-foul-on-pakistan-football: 403 Client Error: Forbidden for url: https://www.dawn.com/news/1833021/fifas-foul-on-pakistan-football
[2024-05-12T19:13:05.710+0000] {logging_mixin.py:188} INFO - Error occurred while accessing https://www.dawn.com/news/1833020/essay-were-ready-for-your-close-up-now: 403 Client Error: Forbidden for url: https://www.dawn.com/news/1833020/essay-were-ready-for-your-close-up-now
[2024-05-12T19:13:06.312+0000] {logging_mixin.py:188} INFO - Error occurred while accessing https://www.dawn.com/news/1833020/essay-were-ready-for-your-close-up-now: 403 Client Error: Forbidden for url: https://www.dawn.com/news/1833020/essay-were-ready-for-your-close-up-now
[2024-05-12T19:13:07.036+0000] {logging_mixin.py:188} INFO - Error occurred while accessing https://www.dawn.com/authors/9288/neha-maqsood: 403 Client Error: Forbidden for url: https://www.dawn.com/authors/9288/neha-maqsood
[2024-05-12T19:13:11.141+0000] {logging_mixin.py:188} INFO - Error occurred while accessing https://www.dawn.com/authors/9361/somaiyah-hafeez: 403 Client Error: Forbidden for url: https://www.dawn.com/authors/9361/somaiyah-hafeez
[2024-05-12T19:13:15.437+0000] {logging_mixin.py:188} INFO - Error occurred while accessing https://www.dawn.com/news/1832575/style-all-about-my-mother: 403 Client Error: Forbidden for url: https://www.dawn.com/news/1832575/style-all-about-my-mother
[2024-05-12T19:13:16.877+0000] {logging_mixin.py:188} INFO - Error occurred while accessing https://www.dawn.com/authors/1245/maliha-rehman: 403 Client Error: Forbidden for url: https://www.dawn.com/authors/1245/maliha-rehman
[2024-05-12T19:13:22.178+0000] {logging_mixin.py:188} INFO - Error occurred while accessing https://www.dawn.com/news/1832574/the-grapevine: 403 Client Error: Forbidden for url: https://www.dawn.com/news/1832574/the-grapevine
[2024-05-12T19:13:23.744+0000] {logging_mixin.py:188} INFO - Error occurred while accessing https://www.dawn.com/news/1832574/the-grapevine: 403 Client Error: Forbidden for url: https://www.dawn.com/news/1832574/the-grapevine
[2024-05-12T19:13:25.965+0000] {logging_mixin.py:188} INFO - Error occurred while accessing https://www.dawn.com/newspaper/business-finance: 403 Client Error: Forbidden for url: https://www.dawn.com/newspaper/business-finance
[2024-05-12T19:13:28.471+0000] {logging_mixin.py:188} INFO - Error occurred while accessing https://www.dawn.com/news/1831798/packaging-film-sector-on-the-rise: 403 Client Error: Forbidden for url: https://www.dawn.com/news/1831798/packaging-film-sector-on-the-rise
[2024-05-12T19:13:29.212+0000] {logging_mixin.py:188} INFO - Error occurred while accessing https://www.dawn.com/news/1831797/tax-reforms-easier-than-expected: 403 Client Error: Forbidden for url: https://www.dawn.com/news/1831797/tax-reforms-easier-than-expected
[2024-05-12T19:13:29.841+0000] {logging_mixin.py:188} INFO - Error occurred while accessing https://www.dawn.com/news/1831796/wheats-tricky-procurement: 403 Client Error: Forbidden for url: https://www.dawn.com/news/1831796/wheats-tricky-procurement
[2024-05-12T19:13:34.648+0000] {logging_mixin.py:188} INFO - Error occurred while accessing https://www.dawn.com/news/1832757/mailbox: 403 Client Error: Forbidden for url: https://www.dawn.com/news/1832757/mailbox
[2024-05-12T19:13:35.275+0000] {logging_mixin.py:188} INFO - Error occurred while accessing https://www.dawn.com/news/1832756/mothers-day-a-letter-to-my-mum: 403 Client Error: Forbidden for url: https://www.dawn.com/news/1832756/mothers-day-a-letter-to-my-mum
[2024-05-12T19:13:38.048+0000] {logging_mixin.py:188} INFO - Error occurred while accessing https://aurora.dawn.com/news/1145113: 403 Client Error: Forbidden for url: https://aurora.dawn.com/news/1145113
[2024-05-12T19:13:43.029+0000] {logging_mixin.py:188} INFO - Error occurred while accessing https://aurora.dawn.com/news/1145073/incentivising-agri-financing: 403 Client Error: Forbidden for url: https://aurora.dawn.com/news/1145073/incentivising-agri-financing
[2024-05-12T19:14:23.880+0000] {logging_mixin.py:188} INFO - Error occurred while accessing https://twitter.com/dawn_com: HTTPSConnectionPool(host='twitter.com', port=443): Max retries exceeded with url: /dawn_com (Caused by SSLError(SSLEOFError(8, '[SSL: UNEXPECTED_EOF_WHILE_READING] EOF occurred in violation of protocol (_ssl.c:1000)')))
[2024-05-12T19:16:29.716+0000] {python.py:237} INFO - Done. Returned value was: None
[2024-05-12T19:16:29.718+0000] {taskinstance.py:441} INFO - ::group::Post task execution logs
[2024-05-12T19:16:29.741+0000] {taskinstance.py:1206} INFO - Marking task as SUCCESS. dag_id=Data_Extraction_Transformation_Loading_4, task_id=extract_data, run_id=manual__2024-05-12T19:05:57.772972+00:00, execution_date=20240512T190557, start_date=20240512T190625, end_date=20240512T191629
[2024-05-12T19:16:29.827+0000] {local_task_job_runner.py:240} INFO - Task exited with return code 0
[2024-05-12T19:16:29.874+0000] {taskinstance.py:3498} INFO - 1 downstream tasks scheduled from follow-on schedule check
[2024-05-12T19:16:29.883+0000] {local_task_job_runner.py:222} INFO - ::endgroup::
