[2024-05-12T20:41:20.878+0000] {local_task_job_runner.py:120} INFO - ::group::Pre task execution logs
[2024-05-12T20:41:20.936+0000] {taskinstance.py:2076} INFO - Dependencies all met for dep_context=non-requeueable deps ti=<TaskInstance: Data_Extraction_Transformation_Loading.dvc_init manual__2024-05-12T20:40:30.453200+00:00 [queued]>
[2024-05-12T20:41:20.963+0000] {taskinstance.py:2076} INFO - Dependencies all met for dep_context=requeueable deps ti=<TaskInstance: Data_Extraction_Transformation_Loading.dvc_init manual__2024-05-12T20:40:30.453200+00:00 [queued]>
[2024-05-12T20:41:20.964+0000] {taskinstance.py:2306} INFO - Starting attempt 1 of 2
[2024-05-12T20:41:21.059+0000] {taskinstance.py:2330} INFO - Executing <Task(BashOperator): dvc_init> on 2024-05-12 20:40:30.453200+00:00
[2024-05-12T20:41:21.075+0000] {standard_task_runner.py:90} INFO - Running: ['airflow', 'tasks', 'run', 'Data_Extraction_Transformation_Loading', 'dvc_init', 'manual__2024-05-12T20:40:30.453200+00:00', '--job-id', '164', '--raw', '--subdir', 'DAGS_FOLDER/i202478_dag.py', '--cfg-path', '/tmp/tmp5wlg26md']
[2024-05-12T20:41:21.079+0000] {standard_task_runner.py:91} INFO - Job 164: Subtask dvc_init
[2024-05-12T20:41:21.089+0000] {logging_mixin.py:188} WARNING - /home/airflow/.local/lib/python3.12/site-packages/airflow/task/task_runner/standard_task_runner.py:61 DeprecationWarning: This process (pid=152) is multi-threaded, use of fork() may lead to deadlocks in the child.
[2024-05-12T20:41:21.091+0000] {standard_task_runner.py:63} INFO - Started process 161 to run task
[2024-05-12T20:41:21.229+0000] {task_command.py:426} INFO - Running <TaskInstance: Data_Extraction_Transformation_Loading.dvc_init manual__2024-05-12T20:40:30.453200+00:00 [running]> on host 3a6423a4af12
[2024-05-12T20:41:21.427+0000] {taskinstance.py:2648} INFO - Exporting env vars: AIRFLOW_CTX_DAG_OWNER='airflow' AIRFLOW_CTX_DAG_ID='Data_Extraction_Transformation_Loading' AIRFLOW_CTX_TASK_ID='dvc_init' AIRFLOW_CTX_EXECUTION_DATE='2024-05-12T20:40:30.453200+00:00' AIRFLOW_CTX_TRY_NUMBER='1' AIRFLOW_CTX_DAG_RUN_ID='manual__2024-05-12T20:40:30.453200+00:00'
[2024-05-12T20:41:21.428+0000] {taskinstance.py:430} INFO - ::endgroup::
[2024-05-12T20:41:21.445+0000] {subprocess.py:63} INFO - Tmp dir root location: /tmp
[2024-05-12T20:41:21.447+0000] {subprocess.py:75} INFO - Running command: ['/usr/bin/bash', '-c', 'cd /opt/airflow/dvc_repo && dvc init --force --no-scm']
[2024-05-12T20:41:21.463+0000] {subprocess.py:86} INFO - Output:
[2024-05-12T20:41:23.549+0000] {subprocess.py:93} INFO - Initialized DVC repository.
[2024-05-12T20:41:23.550+0000] {subprocess.py:93} INFO - 
[2024-05-12T20:41:23.558+0000] {subprocess.py:93} INFO - +---------------------------------------------------------------------+
[2024-05-12T20:41:23.559+0000] {subprocess.py:93} INFO - |                                                                     |
[2024-05-12T20:41:23.560+0000] {subprocess.py:93} INFO - |        DVC has enabled anonymous aggregate usage analytics.         |
[2024-05-12T20:41:23.561+0000] {subprocess.py:93} INFO - |     Read the analytics documentation (and how to opt-out) here:     |
[2024-05-12T20:41:23.562+0000] {subprocess.py:93} INFO - |             <https://dvc.org/doc/user-guide/analytics>              |
[2024-05-12T20:41:23.563+0000] {subprocess.py:93} INFO - |                                                                     |
[2024-05-12T20:41:23.564+0000] {subprocess.py:93} INFO - +---------------------------------------------------------------------+
[2024-05-12T20:41:23.565+0000] {subprocess.py:93} INFO - 
[2024-05-12T20:41:23.566+0000] {subprocess.py:93} INFO - What's next?
[2024-05-12T20:41:23.567+0000] {subprocess.py:93} INFO - ------------
[2024-05-12T20:41:23.567+0000] {subprocess.py:93} INFO - - Check out the documentation: <https://dvc.org/doc>
[2024-05-12T20:41:23.568+0000] {subprocess.py:93} INFO - - Get help and share ideas: <https://dvc.org/chat>
[2024-05-12T20:41:23.569+0000] {subprocess.py:93} INFO - - Star us on GitHub: <https://github.com/iterative/dvc>
[2024-05-12T20:41:23.796+0000] {subprocess.py:97} INFO - Command exited with return code 0
[2024-05-12T20:41:23.797+0000] {taskinstance.py:441} INFO - ::group::Post task execution logs
[2024-05-12T20:41:23.872+0000] {taskinstance.py:1206} INFO - Marking task as SUCCESS. dag_id=Data_Extraction_Transformation_Loading, task_id=dvc_init, run_id=manual__2024-05-12T20:40:30.453200+00:00, execution_date=20240512T204030, start_date=20240512T204120, end_date=20240512T204123
[2024-05-12T20:41:23.963+0000] {local_task_job_runner.py:240} INFO - Task exited with return code 0
[2024-05-12T20:41:24.035+0000] {taskinstance.py:3498} INFO - 1 downstream tasks scheduled from follow-on schedule check
[2024-05-12T20:41:24.053+0000] {local_task_job_runner.py:222} INFO - ::endgroup::
