[2024-05-12T18:45:16.092+0000] {local_task_job_runner.py:120} INFO - ::group::Pre task execution logs
[2024-05-12T18:45:16.155+0000] {taskinstance.py:2076} INFO - Dependencies all met for dep_context=non-requeueable deps ti=<TaskInstance: Data_Extraction_Transformation_Loading_4.transform_data scheduled__2024-05-11T00:00:00+00:00 [queued]>
[2024-05-12T18:45:16.185+0000] {taskinstance.py:2076} INFO - Dependencies all met for dep_context=requeueable deps ti=<TaskInstance: Data_Extraction_Transformation_Loading_4.transform_data scheduled__2024-05-11T00:00:00+00:00 [queued]>
[2024-05-12T18:45:16.187+0000] {taskinstance.py:2306} INFO - Starting attempt 1 of 2
[2024-05-12T18:45:16.261+0000] {taskinstance.py:2330} INFO - Executing <Task(PythonOperator): transform_data> on 2024-05-11 00:00:00+00:00
[2024-05-12T18:45:16.275+0000] {standard_task_runner.py:90} INFO - Running: ['airflow', 'tasks', 'run', 'Data_Extraction_Transformation_Loading_4', 'transform_data', 'scheduled__2024-05-11T00:00:00+00:00', '--job-id', '134', '--raw', '--subdir', 'DAGS_FOLDER/i202478_dag.py', '--cfg-path', '/tmp/tmpiunl1h7w']
[2024-05-12T18:45:16.278+0000] {standard_task_runner.py:91} INFO - Job 134: Subtask transform_data
[2024-05-12T18:45:16.281+0000] {logging_mixin.py:188} WARNING - /home/airflow/.local/lib/python3.12/site-packages/airflow/task/task_runner/standard_task_runner.py:61 DeprecationWarning: This process (pid=672) is multi-threaded, use of fork() may lead to deadlocks in the child.
[2024-05-12T18:45:16.282+0000] {standard_task_runner.py:63} INFO - Started process 697 to run task
[2024-05-12T18:45:16.444+0000] {task_command.py:426} INFO - Running <TaskInstance: Data_Extraction_Transformation_Loading_4.transform_data scheduled__2024-05-11T00:00:00+00:00 [running]> on host da8cc0c3f69d
[2024-05-12T18:45:16.689+0000] {taskinstance.py:2648} INFO - Exporting env vars: AIRFLOW_CTX_DAG_OWNER='airflow' AIRFLOW_CTX_DAG_ID='Data_Extraction_Transformation_Loading_4' AIRFLOW_CTX_TASK_ID='transform_data' AIRFLOW_CTX_EXECUTION_DATE='2024-05-11T00:00:00+00:00' AIRFLOW_CTX_TRY_NUMBER='1' AIRFLOW_CTX_DAG_RUN_ID='scheduled__2024-05-11T00:00:00+00:00'
[2024-05-12T18:45:16.691+0000] {taskinstance.py:430} INFO - ::endgroup::
[2024-05-12T18:45:16.773+0000] {logging_mixin.py:188} WARNING - /opt/airflow/dags/i202478_dag.py:207 SettingWithCopyWarning: 
A value is trying to be set on a copy of a slice from a DataFrame.
Try using .loc[row_indexer,col_indexer] = value instead

See the caveats in the documentation: https://pandas.pydata.org/pandas-docs/stable/user_guide/indexing.html#returning-a-view-versus-a-copy
[2024-05-12T18:45:16.805+0000] {python.py:237} INFO - Done. Returned value was: None
[2024-05-12T18:45:16.808+0000] {taskinstance.py:441} INFO - ::group::Post task execution logs
[2024-05-12T18:45:16.836+0000] {taskinstance.py:1206} INFO - Marking task as SUCCESS. dag_id=Data_Extraction_Transformation_Loading_4, task_id=transform_data, run_id=scheduled__2024-05-11T00:00:00+00:00, execution_date=20240511T000000, start_date=20240512T184516, end_date=20240512T184516
[2024-05-12T18:45:16.942+0000] {local_task_job_runner.py:240} INFO - Task exited with return code 0
[2024-05-12T18:45:17.037+0000] {taskinstance.py:3498} INFO - 1 downstream tasks scheduled from follow-on schedule check
[2024-05-12T18:45:17.060+0000] {local_task_job_runner.py:222} INFO - ::endgroup::
