[2024-05-12T20:41:10.656+0000] {local_task_job_runner.py:120} INFO - ::group::Pre task execution logs
[2024-05-12T20:41:10.706+0000] {taskinstance.py:2076} INFO - Dependencies all met for dep_context=non-requeueable deps ti=<TaskInstance: Data_Extraction_Transformation_Loading.check_dvc_gdrive manual__2024-05-12T20:40:30.453200+00:00 [queued]>
[2024-05-12T20:41:10.730+0000] {taskinstance.py:2076} INFO - Dependencies all met for dep_context=requeueable deps ti=<TaskInstance: Data_Extraction_Transformation_Loading.check_dvc_gdrive manual__2024-05-12T20:40:30.453200+00:00 [queued]>
[2024-05-12T20:41:10.730+0000] {taskinstance.py:2306} INFO - Starting attempt 1 of 2
[2024-05-12T20:41:10.800+0000] {taskinstance.py:2330} INFO - Executing <Task(BashOperator): check_dvc_gdrive> on 2024-05-12 20:40:30.453200+00:00
[2024-05-12T20:41:10.824+0000] {standard_task_runner.py:90} INFO - Running: ['airflow', 'tasks', 'run', 'Data_Extraction_Transformation_Loading', 'check_dvc_gdrive', 'manual__2024-05-12T20:40:30.453200+00:00', '--job-id', '163', '--raw', '--subdir', 'DAGS_FOLDER/i202478_dag.py', '--cfg-path', '/tmp/tmpgljjwrxh']
[2024-05-12T20:41:10.828+0000] {standard_task_runner.py:91} INFO - Job 163: Subtask check_dvc_gdrive
[2024-05-12T20:41:10.834+0000] {logging_mixin.py:188} WARNING - /home/airflow/.local/lib/python3.12/site-packages/airflow/task/task_runner/standard_task_runner.py:61 DeprecationWarning: This process (pid=141) is multi-threaded, use of fork() may lead to deadlocks in the child.
[2024-05-12T20:41:10.836+0000] {standard_task_runner.py:63} INFO - Started process 150 to run task
[2024-05-12T20:41:11.091+0000] {task_command.py:426} INFO - Running <TaskInstance: Data_Extraction_Transformation_Loading.check_dvc_gdrive manual__2024-05-12T20:40:30.453200+00:00 [running]> on host 3a6423a4af12
[2024-05-12T20:41:11.386+0000] {taskinstance.py:2648} INFO - Exporting env vars: AIRFLOW_CTX_DAG_OWNER='airflow' AIRFLOW_CTX_DAG_ID='Data_Extraction_Transformation_Loading' AIRFLOW_CTX_TASK_ID='check_dvc_gdrive' AIRFLOW_CTX_EXECUTION_DATE='2024-05-12T20:40:30.453200+00:00' AIRFLOW_CTX_TRY_NUMBER='1' AIRFLOW_CTX_DAG_RUN_ID='manual__2024-05-12T20:40:30.453200+00:00'
[2024-05-12T20:41:11.388+0000] {taskinstance.py:430} INFO - ::endgroup::
[2024-05-12T20:41:11.404+0000] {subprocess.py:63} INFO - Tmp dir root location: /tmp
[2024-05-12T20:41:11.405+0000] {subprocess.py:75} INFO - Running command: ['/usr/bin/bash', '-c', 'python -c "import dvc_gdrive"']
[2024-05-12T20:41:11.424+0000] {subprocess.py:86} INFO - Output:
[2024-05-12T20:41:13.531+0000] {subprocess.py:97} INFO - Command exited with return code 0
[2024-05-12T20:41:13.533+0000] {taskinstance.py:441} INFO - ::group::Post task execution logs
[2024-05-12T20:41:13.638+0000] {taskinstance.py:1206} INFO - Marking task as SUCCESS. dag_id=Data_Extraction_Transformation_Loading, task_id=check_dvc_gdrive, run_id=manual__2024-05-12T20:40:30.453200+00:00, execution_date=20240512T204030, start_date=20240512T204110, end_date=20240512T204113
[2024-05-12T20:41:13.707+0000] {local_task_job_runner.py:240} INFO - Task exited with return code 0
[2024-05-12T20:41:13.768+0000] {taskinstance.py:3498} INFO - 1 downstream tasks scheduled from follow-on schedule check
[2024-05-12T20:41:13.786+0000] {local_task_job_runner.py:222} INFO - ::endgroup::
