[2024-05-12T17:41:20.347+0000] {local_task_job_runner.py:120} INFO - ::group::Pre task execution logs
[2024-05-12T17:41:20.400+0000] {taskinstance.py:2076} INFO - Dependencies all met for dep_context=non-requeueable deps ti=<TaskInstance: Data_Extraction_Transformation_Loading.dvc_init manual__2024-05-12T17:40:40.931900+00:00 [queued]>
[2024-05-12T17:41:20.433+0000] {taskinstance.py:2076} INFO - Dependencies all met for dep_context=requeueable deps ti=<TaskInstance: Data_Extraction_Transformation_Loading.dvc_init manual__2024-05-12T17:40:40.931900+00:00 [queued]>
[2024-05-12T17:41:20.435+0000] {taskinstance.py:2306} INFO - Starting attempt 1 of 2
[2024-05-12T17:41:20.507+0000] {taskinstance.py:2330} INFO - Executing <Task(BashOperator): dvc_init> on 2024-05-12 17:40:40.931900+00:00
[2024-05-12T17:41:20.517+0000] {standard_task_runner.py:90} INFO - Running: ['airflow', 'tasks', 'run', 'Data_Extraction_Transformation_Loading', 'dvc_init', 'manual__2024-05-12T17:40:40.931900+00:00', '--job-id', '113', '--raw', '--subdir', 'DAGS_FOLDER/i202478_dag.py', '--cfg-path', '/tmp/tmpdsqvyg1l']
[2024-05-12T17:41:20.522+0000] {standard_task_runner.py:91} INFO - Job 113: Subtask dvc_init
[2024-05-12T17:41:20.524+0000] {logging_mixin.py:188} WARNING - /home/airflow/.local/lib/python3.12/site-packages/airflow/task/task_runner/standard_task_runner.py:61 DeprecationWarning: This process (pid=162) is multi-threaded, use of fork() may lead to deadlocks in the child.
[2024-05-12T17:41:20.526+0000] {standard_task_runner.py:63} INFO - Started process 171 to run task
[2024-05-12T17:41:20.677+0000] {task_command.py:426} INFO - Running <TaskInstance: Data_Extraction_Transformation_Loading.dvc_init manual__2024-05-12T17:40:40.931900+00:00 [running]> on host da8cc0c3f69d
[2024-05-12T17:41:20.925+0000] {taskinstance.py:2648} INFO - Exporting env vars: AIRFLOW_CTX_DAG_OWNER='airflow' AIRFLOW_CTX_DAG_ID='Data_Extraction_Transformation_Loading' AIRFLOW_CTX_TASK_ID='dvc_init' AIRFLOW_CTX_EXECUTION_DATE='2024-05-12T17:40:40.931900+00:00' AIRFLOW_CTX_TRY_NUMBER='1' AIRFLOW_CTX_DAG_RUN_ID='manual__2024-05-12T17:40:40.931900+00:00'
[2024-05-12T17:41:20.927+0000] {taskinstance.py:430} INFO - ::endgroup::
[2024-05-12T17:41:20.942+0000] {subprocess.py:63} INFO - Tmp dir root location: /tmp
[2024-05-12T17:41:20.944+0000] {subprocess.py:75} INFO - Running command: ['/usr/bin/bash', '-c', 'dvc init --force --no-scm']
[2024-05-12T17:41:20.954+0000] {subprocess.py:86} INFO - Output:
[2024-05-12T17:41:22.582+0000] {subprocess.py:93} INFO - Initialized DVC repository.
[2024-05-12T17:41:22.584+0000] {subprocess.py:93} INFO - 
[2024-05-12T17:41:22.585+0000] {subprocess.py:93} INFO - +---------------------------------------------------------------------+
[2024-05-12T17:41:22.586+0000] {subprocess.py:93} INFO - |                                                                     |
[2024-05-12T17:41:22.587+0000] {subprocess.py:93} INFO - |        DVC has enabled anonymous aggregate usage analytics.         |
[2024-05-12T17:41:22.587+0000] {subprocess.py:93} INFO - |     Read the analytics documentation (and how to opt-out) here:     |
[2024-05-12T17:41:22.588+0000] {subprocess.py:93} INFO - |             <https://dvc.org/doc/user-guide/analytics>              |
[2024-05-12T17:41:22.588+0000] {subprocess.py:93} INFO - |                                                                     |
[2024-05-12T17:41:22.589+0000] {subprocess.py:93} INFO - +---------------------------------------------------------------------+
[2024-05-12T17:41:22.589+0000] {subprocess.py:93} INFO - 
[2024-05-12T17:41:22.590+0000] {subprocess.py:93} INFO - What's next?
[2024-05-12T17:41:22.590+0000] {subprocess.py:93} INFO - ------------
[2024-05-12T17:41:22.591+0000] {subprocess.py:93} INFO - - Check out the documentation: <https://dvc.org/doc>
[2024-05-12T17:41:22.591+0000] {subprocess.py:93} INFO - - Get help and share ideas: <https://dvc.org/chat>
[2024-05-12T17:41:22.592+0000] {subprocess.py:93} INFO - - Star us on GitHub: <https://github.com/iterative/dvc>
[2024-05-12T17:41:22.772+0000] {subprocess.py:97} INFO - Command exited with return code 0
[2024-05-12T17:41:22.773+0000] {taskinstance.py:441} INFO - ::group::Post task execution logs
[2024-05-12T17:41:22.862+0000] {taskinstance.py:1206} INFO - Marking task as SUCCESS. dag_id=Data_Extraction_Transformation_Loading, task_id=dvc_init, run_id=manual__2024-05-12T17:40:40.931900+00:00, execution_date=20240512T174040, start_date=20240512T174120, end_date=20240512T174122
[2024-05-12T17:41:22.963+0000] {local_task_job_runner.py:240} INFO - Task exited with return code 0
[2024-05-12T17:41:23.067+0000] {taskinstance.py:3498} INFO - 1 downstream tasks scheduled from follow-on schedule check
[2024-05-12T17:41:23.086+0000] {local_task_job_runner.py:222} INFO - ::endgroup::
