[2024-05-12T18:45:06.712+0000] {local_task_job_runner.py:120} INFO - ::group::Pre task execution logs
[2024-05-12T18:45:06.773+0000] {taskinstance.py:2076} INFO - Dependencies all met for dep_context=non-requeueable deps ti=<TaskInstance: Data_Extraction_Transformation_Loading_4.dvc_remote_add manual__2024-05-12T18:28:05.864766+00:00 [queued]>
[2024-05-12T18:45:06.802+0000] {taskinstance.py:2076} INFO - Dependencies all met for dep_context=requeueable deps ti=<TaskInstance: Data_Extraction_Transformation_Loading_4.dvc_remote_add manual__2024-05-12T18:28:05.864766+00:00 [queued]>
[2024-05-12T18:45:06.803+0000] {taskinstance.py:2306} INFO - Starting attempt 1 of 2
[2024-05-12T18:45:06.882+0000] {taskinstance.py:2330} INFO - Executing <Task(BashOperator): dvc_remote_add> on 2024-05-12 18:28:05.864766+00:00
[2024-05-12T18:45:06.893+0000] {standard_task_runner.py:90} INFO - Running: ['airflow', 'tasks', 'run', 'Data_Extraction_Transformation_Loading_4', 'dvc_remote_add', 'manual__2024-05-12T18:28:05.864766+00:00', '--job-id', '133', '--raw', '--subdir', 'DAGS_FOLDER/i202478_dag.py', '--cfg-path', '/tmp/tmpm6p51yjj']
[2024-05-12T18:45:06.899+0000] {standard_task_runner.py:91} INFO - Job 133: Subtask dvc_remote_add
[2024-05-12T18:45:06.902+0000] {logging_mixin.py:188} WARNING - /home/airflow/.local/lib/python3.12/site-packages/airflow/task/task_runner/standard_task_runner.py:61 DeprecationWarning: This process (pid=658) is multi-threaded, use of fork() may lead to deadlocks in the child.
[2024-05-12T18:45:06.903+0000] {standard_task_runner.py:63} INFO - Started process 667 to run task
[2024-05-12T18:45:07.051+0000] {task_command.py:426} INFO - Running <TaskInstance: Data_Extraction_Transformation_Loading_4.dvc_remote_add manual__2024-05-12T18:28:05.864766+00:00 [running]> on host da8cc0c3f69d
[2024-05-12T18:45:07.326+0000] {taskinstance.py:2648} INFO - Exporting env vars: AIRFLOW_CTX_DAG_OWNER='airflow' AIRFLOW_CTX_DAG_ID='Data_Extraction_Transformation_Loading_4' AIRFLOW_CTX_TASK_ID='dvc_remote_add' AIRFLOW_CTX_EXECUTION_DATE='2024-05-12T18:28:05.864766+00:00' AIRFLOW_CTX_TRY_NUMBER='1' AIRFLOW_CTX_DAG_RUN_ID='manual__2024-05-12T18:28:05.864766+00:00'
[2024-05-12T18:45:07.328+0000] {taskinstance.py:430} INFO - ::endgroup::
[2024-05-12T18:45:07.356+0000] {subprocess.py:63} INFO - Tmp dir root location: /tmp
[2024-05-12T18:45:07.359+0000] {subprocess.py:75} INFO - Running command: ['/usr/bin/bash', '-c', 'cd /opt/airflow/dvc_repo && dvc remote add -d my_google_drive gdrive://1i3kGKsxTKMw3-tN9wpJ6fHjrIOoFaO0j -f']
[2024-05-12T18:45:07.376+0000] {subprocess.py:86} INFO - Output:
[2024-05-12T18:45:08.916+0000] {subprocess.py:93} INFO - Setting 'my_google_drive' as a default remote.
[2024-05-12T18:45:09.221+0000] {subprocess.py:97} INFO - Command exited with return code 0
[2024-05-12T18:45:09.222+0000] {taskinstance.py:441} INFO - ::group::Post task execution logs
[2024-05-12T18:45:09.309+0000] {taskinstance.py:1206} INFO - Marking task as SUCCESS. dag_id=Data_Extraction_Transformation_Loading_4, task_id=dvc_remote_add, run_id=manual__2024-05-12T18:28:05.864766+00:00, execution_date=20240512T182805, start_date=20240512T184506, end_date=20240512T184509
[2024-05-12T18:45:09.420+0000] {local_task_job_runner.py:240} INFO - Task exited with return code 0
[2024-05-12T18:45:09.503+0000] {taskinstance.py:3498} INFO - 1 downstream tasks scheduled from follow-on schedule check
[2024-05-12T18:45:09.523+0000] {local_task_job_runner.py:222} INFO - ::endgroup::
