[2024-05-12T19:48:39.137+0000] {local_task_job_runner.py:120} INFO - ::group::Pre task execution logs
[2024-05-12T19:48:39.172+0000] {taskinstance.py:2076} INFO - Dependencies all met for dep_context=non-requeueable deps ti=<TaskInstance: Data_Extraction_Transformation_Loading_4.create_dvc_directory manual__2024-05-12T19:48:33.399525+00:00 [queued]>
[2024-05-12T19:48:39.185+0000] {taskinstance.py:2076} INFO - Dependencies all met for dep_context=requeueable deps ti=<TaskInstance: Data_Extraction_Transformation_Loading_4.create_dvc_directory manual__2024-05-12T19:48:33.399525+00:00 [queued]>
[2024-05-12T19:48:39.186+0000] {taskinstance.py:2306} INFO - Starting attempt 1 of 2
[2024-05-12T19:48:39.217+0000] {taskinstance.py:2330} INFO - Executing <Task(BashOperator): create_dvc_directory> on 2024-05-12 19:48:33.399525+00:00
[2024-05-12T19:48:39.225+0000] {standard_task_runner.py:90} INFO - Running: ['airflow', 'tasks', 'run', 'Data_Extraction_Transformation_Loading_4', 'create_dvc_directory', 'manual__2024-05-12T19:48:33.399525+00:00', '--job-id', '149', '--raw', '--subdir', 'DAGS_FOLDER/i202478_dag.py', '--cfg-path', '/tmp/tmpzykgmv1j']
[2024-05-12T19:48:39.228+0000] {standard_task_runner.py:91} INFO - Job 149: Subtask create_dvc_directory
[2024-05-12T19:48:39.230+0000] {logging_mixin.py:188} WARNING - /home/airflow/.local/lib/python3.12/site-packages/airflow/task/task_runner/standard_task_runner.py:61 DeprecationWarning: This process (pid=1009) is multi-threaded, use of fork() may lead to deadlocks in the child.
[2024-05-12T19:48:39.230+0000] {standard_task_runner.py:63} INFO - Started process 1018 to run task
[2024-05-12T19:48:39.308+0000] {task_command.py:426} INFO - Running <TaskInstance: Data_Extraction_Transformation_Loading_4.create_dvc_directory manual__2024-05-12T19:48:33.399525+00:00 [running]> on host da8cc0c3f69d
[2024-05-12T19:48:39.434+0000] {taskinstance.py:2648} INFO - Exporting env vars: AIRFLOW_CTX_DAG_OWNER='airflow' AIRFLOW_CTX_DAG_ID='Data_Extraction_Transformation_Loading_4' AIRFLOW_CTX_TASK_ID='create_dvc_directory' AIRFLOW_CTX_EXECUTION_DATE='2024-05-12T19:48:33.399525+00:00' AIRFLOW_CTX_TRY_NUMBER='1' AIRFLOW_CTX_DAG_RUN_ID='manual__2024-05-12T19:48:33.399525+00:00'
[2024-05-12T19:48:39.435+0000] {taskinstance.py:430} INFO - ::endgroup::
[2024-05-12T19:48:39.447+0000] {subprocess.py:63} INFO - Tmp dir root location: /tmp
[2024-05-12T19:48:39.449+0000] {subprocess.py:75} INFO - Running command: ['/usr/bin/bash', '-c', 'mkdir -p /opt/airflow/dvc_repo']
[2024-05-12T19:48:39.455+0000] {subprocess.py:86} INFO - Output:
[2024-05-12T19:48:39.460+0000] {subprocess.py:97} INFO - Command exited with return code 0
[2024-05-12T19:48:39.461+0000] {taskinstance.py:441} INFO - ::group::Post task execution logs
[2024-05-12T19:48:39.507+0000] {taskinstance.py:1206} INFO - Marking task as SUCCESS. dag_id=Data_Extraction_Transformation_Loading_4, task_id=create_dvc_directory, run_id=manual__2024-05-12T19:48:33.399525+00:00, execution_date=20240512T194833, start_date=20240512T194839, end_date=20240512T194839
[2024-05-12T19:48:39.565+0000] {local_task_job_runner.py:240} INFO - Task exited with return code 0
[2024-05-12T19:48:39.608+0000] {taskinstance.py:3498} INFO - 1 downstream tasks scheduled from follow-on schedule check
[2024-05-12T19:48:39.617+0000] {local_task_job_runner.py:222} INFO - ::endgroup::
