[2024-05-12T18:45:23.893+0000] {local_task_job_runner.py:120} INFO - ::group::Pre task execution logs
[2024-05-12T18:45:23.973+0000] {taskinstance.py:2076} INFO - Dependencies all met for dep_context=non-requeueable deps ti=<TaskInstance: Data_Extraction_Transformation_Loading_4.extract_data manual__2024-05-12T18:28:05.864766+00:00 [queued]>
[2024-05-12T18:45:24.017+0000] {taskinstance.py:2076} INFO - Dependencies all met for dep_context=requeueable deps ti=<TaskInstance: Data_Extraction_Transformation_Loading_4.extract_data manual__2024-05-12T18:28:05.864766+00:00 [queued]>
[2024-05-12T18:45:24.018+0000] {taskinstance.py:2306} INFO - Starting attempt 1 of 2
[2024-05-12T18:45:24.079+0000] {taskinstance.py:2330} INFO - Executing <Task(PythonOperator): extract_data> on 2024-05-12 18:28:05.864766+00:00
[2024-05-12T18:45:24.093+0000] {standard_task_runner.py:90} INFO - Running: ['airflow', 'tasks', 'run', 'Data_Extraction_Transformation_Loading_4', 'extract_data', 'manual__2024-05-12T18:28:05.864766+00:00', '--job-id', '135', '--raw', '--subdir', 'DAGS_FOLDER/i202478_dag.py', '--cfg-path', '/tmp/tmp8g9322tv']
[2024-05-12T18:45:24.099+0000] {standard_task_runner.py:91} INFO - Job 135: Subtask extract_data
[2024-05-12T18:45:24.104+0000] {logging_mixin.py:188} WARNING - /home/airflow/.local/lib/python3.12/site-packages/airflow/task/task_runner/standard_task_runner.py:61 DeprecationWarning: This process (pid=698) is multi-threaded, use of fork() may lead to deadlocks in the child.
[2024-05-12T18:45:24.104+0000] {standard_task_runner.py:63} INFO - Started process 707 to run task
[2024-05-12T18:45:24.206+0000] {task_command.py:426} INFO - Running <TaskInstance: Data_Extraction_Transformation_Loading_4.extract_data manual__2024-05-12T18:28:05.864766+00:00 [running]> on host da8cc0c3f69d
[2024-05-12T18:45:24.455+0000] {taskinstance.py:2648} INFO - Exporting env vars: AIRFLOW_CTX_DAG_OWNER='airflow' AIRFLOW_CTX_DAG_ID='Data_Extraction_Transformation_Loading_4' AIRFLOW_CTX_TASK_ID='extract_data' AIRFLOW_CTX_EXECUTION_DATE='2024-05-12T18:28:05.864766+00:00' AIRFLOW_CTX_TRY_NUMBER='1' AIRFLOW_CTX_DAG_RUN_ID='manual__2024-05-12T18:28:05.864766+00:00'
[2024-05-12T18:45:24.457+0000] {taskinstance.py:430} INFO - ::endgroup::
[2024-05-12T18:51:56.814+0000] {logging_mixin.py:188} INFO - Error occurred while accessing https://www.dawn.com/news/1832982/insurgency-and-social-change: 403 Client Error: Forbidden for url: https://www.dawn.com/news/1832982/insurgency-and-social-change
[2024-05-12T18:51:59.036+0000] {logging_mixin.py:188} INFO - Error occurred while accessing https://www.dawn.com/authors/363/muhammad-amir-rana: 403 Client Error: Forbidden for url: https://www.dawn.com/authors/363/muhammad-amir-rana
[2024-05-12T18:52:06.858+0000] {logging_mixin.py:188} INFO - Error occurred while accessing https://www.dawn.com/authors/9600/aizaz-ahmad-chaudhry: 403 Client Error: Forbidden for url: https://www.dawn.com/authors/9600/aizaz-ahmad-chaudhry
[2024-05-12T18:52:08.176+0000] {logging_mixin.py:188} INFO - Error occurred while accessing https://www.dawn.com/news/1832979/overflowing-cups: 403 Client Error: Forbidden for url: https://www.dawn.com/news/1832979/overflowing-cups
[2024-05-12T18:52:35.569+0000] {logging_mixin.py:188} INFO - Error occurred while accessing https://www.dawn.com/authors/815/reema-omer: 403 Client Error: Forbidden for url: https://www.dawn.com/authors/815/reema-omer
[2024-05-12T18:52:39.178+0000] {logging_mixin.py:188} INFO - Error occurred while accessing https://www.dawn.com/authors/5582/sahar-bandial: 403 Client Error: Forbidden for url: https://www.dawn.com/authors/5582/sahar-bandial
[2024-05-12T18:52:41.176+0000] {logging_mixin.py:188} INFO - Error occurred while accessing https://www.dawn.com/news/1832829/child-marriages: 403 Client Error: Forbidden for url: https://www.dawn.com/news/1832829/child-marriages
[2024-05-12T18:52:50.945+0000] {logging_mixin.py:188} INFO - Error occurred while accessing https://www.dawn.com/news/1833053/imf-mission-to-meet-pakistani-authorities-next-week-to-discuss-next-phase-of-engagement-official: 403 Client Error: Forbidden for url: https://www.dawn.com/news/1833053/imf-mission-to-meet-pakistani-authorities-next-week-to-discuss-next-phase-of-engagement-official
[2024-05-12T18:53:05.662+0000] {logging_mixin.py:188} INFO - Error occurred while accessing https://www.dawn.com/news/1832994: 403 Client Error: Forbidden for url: https://www.dawn.com/news/1832994
[2024-05-12T18:53:20.208+0000] {logging_mixin.py:188} INFO - Error occurred while accessing https://www.dawn.com/news/1832946/bednarek-storms-to-200m-triumph-in-doha-neeraj-chopra-falls-short: 403 Client Error: Forbidden for url: https://www.dawn.com/news/1832946/bednarek-storms-to-200m-triumph-in-doha-neeraj-chopra-falls-short
[2024-05-12T18:53:23.772+0000] {logging_mixin.py:188} INFO - Error occurred while accessing https://www.dawn.com/news/1832928/real-madrid-eagerly-awaits-mbappe-after-psg-exit-confirmed: 403 Client Error: Forbidden for url: https://www.dawn.com/news/1832928/real-madrid-eagerly-awaits-mbappe-after-psg-exit-confirmed
[2024-05-12T18:53:30.155+0000] {logging_mixin.py:188} INFO - Error occurred while accessing https://www.dawn.com/news/1832945/djokovic-bottle-strike-overshadows-rome-open-cruise-past-moutet: 403 Client Error: Forbidden for url: https://www.dawn.com/news/1832945/djokovic-bottle-strike-overshadows-rome-open-cruise-past-moutet
[2024-05-12T18:53:42.563+0000] {logging_mixin.py:188} INFO - Error occurred while accessing https://www.dawn.com/news/1832947/israel-orders-palestinians-to-evacuate-from-more-areas-of-rafah: 403 Client Error: Forbidden for url: https://www.dawn.com/news/1832947/israel-orders-palestinians-to-evacuate-from-more-areas-of-rafah
[2024-05-12T18:53:44.576+0000] {logging_mixin.py:188} INFO - Error occurred while accessing https://www.dawn.com/news/1832947/israel-orders-palestinians-to-evacuate-from-more-areas-of-rafah: 403 Client Error: Forbidden for url: https://www.dawn.com/news/1832947/israel-orders-palestinians-to-evacuate-from-more-areas-of-rafah
[2024-05-12T18:53:47.698+0000] {logging_mixin.py:188} INFO - Error occurred while accessing https://www.dawn.com/news/1832948/uae-hits-out-at-netanyahu-for-saying-it-may-help-run-gaza: 403 Client Error: Forbidden for url: https://www.dawn.com/news/1832948/uae-hits-out-at-netanyahu-for-saying-it-may-help-run-gaza
[2024-05-12T18:53:50.710+0000] {logging_mixin.py:188} INFO - Error occurred while accessing https://www.dawn.com/news/1833001/washington-says-use-of-its-weapons-by-tel-aviv-in-gaza-violated-law: 403 Client Error: Forbidden for url: https://www.dawn.com/news/1833001/washington-says-use-of-its-weapons-by-tel-aviv-in-gaza-violated-law
[2024-05-12T18:53:54.817+0000] {logging_mixin.py:188} INFO - Error occurred while accessing https://www.dawn.com/news/1833009/delhi-cm-kejriwal-exhorts-indians-to-resist-dictatorship: 403 Client Error: Forbidden for url: https://www.dawn.com/news/1833009/delhi-cm-kejriwal-exhorts-indians-to-resist-dictatorship
[2024-05-12T18:54:27.482+0000] {logging_mixin.py:188} INFO - Error occurred while accessing https://www.dawn.com/news/1828987/2024-elections-whats-at-stake-for-indias-minorities: 403 Client Error: Forbidden for url: https://www.dawn.com/news/1828987/2024-elections-whats-at-stake-for-indias-minorities
[2024-05-12T18:54:29.384+0000] {logging_mixin.py:188} INFO - Error occurred while accessing https://www.dawn.com/authors/11014/sajjad-hassan: 403 Client Error: Forbidden for url: https://www.dawn.com/authors/11014/sajjad-hassan
[2024-05-12T18:54:33.611+0000] {logging_mixin.py:188} INFO - Error occurred while accessing https://www.dawn.com/news/1829562/from-screens-to-streets-how-gen-z-is-disrupting-the-status-quo-and-redefining-activism: 403 Client Error: Forbidden for url: https://www.dawn.com/news/1829562/from-screens-to-streets-how-gen-z-is-disrupting-the-status-quo-and-redefining-activism
[2024-05-12T18:54:34.304+0000] {logging_mixin.py:188} INFO - Error occurred while accessing https://www.dawn.com/authors/5119/uzair-m-younus: 403 Client Error: Forbidden for url: https://www.dawn.com/authors/5119/uzair-m-younus
[2024-05-12T18:54:51.415+0000] {logging_mixin.py:188} INFO - Error occurred while accessing https://www.dawn.com/news/1831980/people-with-two-copies-of-a-risk-gene-have-genetic-form-of-alzheimers-say-scientists: 403 Client Error: Forbidden for url: https://www.dawn.com/news/1831980/people-with-two-copies-of-a-risk-gene-have-genetic-form-of-alzheimers-say-scientists
[2024-05-12T18:55:00.531+0000] {logging_mixin.py:188} INFO - Error occurred while accessing https://www.dawn.com/authors/943/umaid-wasim: 403 Client Error: Forbidden for url: https://www.dawn.com/authors/943/umaid-wasim
[2024-05-12T18:55:02.399+0000] {logging_mixin.py:188} INFO - Error occurred while accessing https://www.dawn.com/news/1833020/essay-were-ready-for-your-close-up-now: 403 Client Error: Forbidden for url: https://www.dawn.com/news/1833020/essay-were-ready-for-your-close-up-now
[2024-05-12T18:55:10.996+0000] {logging_mixin.py:188} INFO - Error occurred while accessing https://www.dawn.com/authors/9361/somaiyah-hafeez: 403 Client Error: Forbidden for url: https://www.dawn.com/authors/9361/somaiyah-hafeez
[2024-05-12T18:55:13.145+0000] {logging_mixin.py:188} INFO - Error occurred while accessing https://www.dawn.com/news/1832575/style-all-about-my-mother: 403 Client Error: Forbidden for url: https://www.dawn.com/news/1832575/style-all-about-my-mother
[2024-05-12T18:55:20.936+0000] {logging_mixin.py:188} INFO - Error occurred while accessing https://www.dawn.com/news/1832572/soundscape-and-now-ai-music: 403 Client Error: Forbidden for url: https://www.dawn.com/news/1832572/soundscape-and-now-ai-music
[2024-05-12T18:55:26.931+0000] {logging_mixin.py:188} INFO - Error occurred while accessing https://www.dawn.com/authors/1734/pyt: 403 Client Error: Forbidden for url: https://www.dawn.com/authors/1734/pyt
[2024-05-12T18:55:28.919+0000] {logging_mixin.py:188} INFO - Error occurred while accessing https://www.dawn.com/newspaper/business-finance: 403 Client Error: Forbidden for url: https://www.dawn.com/newspaper/business-finance
[2024-05-12T18:55:36.198+0000] {logging_mixin.py:188} INFO - Error occurred while accessing https://www.dawn.com/news/1831796/wheats-tricky-procurement: 403 Client Error: Forbidden for url: https://www.dawn.com/news/1831796/wheats-tricky-procurement
[2024-05-12T18:55:38.957+0000] {logging_mixin.py:188} INFO - Error occurred while accessing https://www.dawn.com/news/1832758/echoes-of-love: 403 Client Error: Forbidden for url: https://www.dawn.com/news/1832758/echoes-of-love
[2024-05-12T18:55:52.675+0000] {logging_mixin.py:188} INFO - Error occurred while accessing https://aurora.dawn.com/news/1145109/the-agrarian-thespian: 403 Client Error: Forbidden for url: https://aurora.dawn.com/news/1145109/the-agrarian-thespian
[2024-05-12T18:55:54.731+0000] {logging_mixin.py:188} INFO - Error occurred while accessing https://aurora.dawn.com/news/1145073/incentivising-agri-financing: 403 Client Error: Forbidden for url: https://aurora.dawn.com/news/1145073/incentivising-agri-financing
[2024-05-12T18:56:29.744+0000] {logging_mixin.py:188} INFO - Error occurred while accessing https://twitter.com/dawn_com: HTTPSConnectionPool(host='twitter.com', port=443): Max retries exceeded with url: /dawn_com (Caused by SSLError(SSLEOFError(8, '[SSL: UNEXPECTED_EOF_WHILE_READING] EOF occurred in violation of protocol (_ssl.c:1000)')))
[2024-05-12T18:58:55.729+0000] {logging_mixin.py:188} INFO - Error occurred while accessing https://www.bbc.com/news/world-africa-68999815: HTTPSConnectionPool(host='www.bbc.com', port=443): Max retries exceeded with url: /news/world-africa-68999815 (Caused by NameResolutionError("<urllib3.connection.HTTPSConnection object at 0x7fe2c2079610>: Failed to resolve 'www.bbc.com' ([Errno -3] Temporary failure in name resolution)"))
[2024-05-12T18:59:35.351+0000] {python.py:237} INFO - Done. Returned value was: None
[2024-05-12T18:59:35.352+0000] {taskinstance.py:441} INFO - ::group::Post task execution logs
[2024-05-12T18:59:35.371+0000] {taskinstance.py:1206} INFO - Marking task as SUCCESS. dag_id=Data_Extraction_Transformation_Loading_4, task_id=extract_data, run_id=manual__2024-05-12T18:28:05.864766+00:00, execution_date=20240512T182805, start_date=20240512T184523, end_date=20240512T185935
[2024-05-12T18:59:35.456+0000] {local_task_job_runner.py:240} INFO - Task exited with return code 0
[2024-05-12T18:59:35.540+0000] {taskinstance.py:3498} INFO - 1 downstream tasks scheduled from follow-on schedule check
[2024-05-12T18:59:35.557+0000] {local_task_job_runner.py:222} INFO - ::endgroup::
