[2024-05-12T18:28:51.929+0000] {local_task_job_runner.py:120} INFO - ::group::Pre task execution logs
[2024-05-12T18:28:52.033+0000] {taskinstance.py:2076} INFO - Dependencies all met for dep_context=non-requeueable deps ti=<TaskInstance: Data_Extraction_Transformation_Loading_4.extract_data scheduled__2024-05-11T00:00:00+00:00 [queued]>
[2024-05-12T18:28:52.071+0000] {taskinstance.py:2076} INFO - Dependencies all met for dep_context=requeueable deps ti=<TaskInstance: Data_Extraction_Transformation_Loading_4.extract_data scheduled__2024-05-11T00:00:00+00:00 [queued]>
[2024-05-12T18:28:52.072+0000] {taskinstance.py:2306} INFO - Starting attempt 1 of 2
[2024-05-12T18:28:52.203+0000] {taskinstance.py:2330} INFO - Executing <Task(PythonOperator): extract_data> on 2024-05-11 00:00:00+00:00
[2024-05-12T18:28:52.222+0000] {standard_task_runner.py:90} INFO - Running: ['airflow', 'tasks', 'run', 'Data_Extraction_Transformation_Loading_4', 'extract_data', 'scheduled__2024-05-11T00:00:00+00:00', '--job-id', '132', '--raw', '--subdir', 'DAGS_FOLDER/i202478_dag.py', '--cfg-path', '/tmp/tmpnp9340dg']
[2024-05-12T18:28:52.234+0000] {standard_task_runner.py:91} INFO - Job 132: Subtask extract_data
[2024-05-12T18:28:52.248+0000] {logging_mixin.py:188} WARNING - /home/airflow/.local/lib/python3.12/site-packages/airflow/task/task_runner/standard_task_runner.py:61 DeprecationWarning: This process (pid=629) is multi-threaded, use of fork() may lead to deadlocks in the child.
[2024-05-12T18:28:52.251+0000] {standard_task_runner.py:63} INFO - Started process 654 to run task
[2024-05-12T18:28:52.421+0000] {task_command.py:426} INFO - Running <TaskInstance: Data_Extraction_Transformation_Loading_4.extract_data scheduled__2024-05-11T00:00:00+00:00 [running]> on host da8cc0c3f69d
[2024-05-12T18:28:52.692+0000] {taskinstance.py:2648} INFO - Exporting env vars: AIRFLOW_CTX_DAG_OWNER='airflow' AIRFLOW_CTX_DAG_ID='Data_Extraction_Transformation_Loading_4' AIRFLOW_CTX_TASK_ID='extract_data' AIRFLOW_CTX_EXECUTION_DATE='2024-05-11T00:00:00+00:00' AIRFLOW_CTX_TRY_NUMBER='1' AIRFLOW_CTX_DAG_RUN_ID='scheduled__2024-05-11T00:00:00+00:00'
[2024-05-12T18:28:52.693+0000] {taskinstance.py:430} INFO - ::endgroup::
[2024-05-12T18:35:29.194+0000] {logging_mixin.py:188} INFO - Error occurred while accessing https://www.dawn.com/news/1832750/ruling-coalition-loses-27-reserved-seats-in-punjab: 403 Client Error: Forbidden for url: https://www.dawn.com/news/1832750/ruling-coalition-loses-27-reserved-seats-in-punjab
[2024-05-12T18:35:30.570+0000] {logging_mixin.py:188} INFO - Error occurred while accessing https://www.dawn.com/news/1832796/pia-staff-forgets-to-put-boys-body-on-plane: 403 Client Error: Forbidden for url: https://www.dawn.com/news/1832796/pia-staff-forgets-to-put-boys-body-on-plane
[2024-05-12T18:35:36.059+0000] {logging_mixin.py:188} INFO - Error occurred while accessing https://www.dawn.com/news/1832699/downside-risks-for-pakistan-remain-exceptionally-high-imf: 403 Client Error: Forbidden for url: https://www.dawn.com/news/1832699/downside-risks-for-pakistan-remain-exceptionally-high-imf
[2024-05-12T18:36:36.035+0000] {logging_mixin.py:188} INFO - Error occurred while accessing https://www.dawn.com/news/1832984/hope-after-defeat: 403 Client Error: Forbidden for url: https://www.dawn.com/news/1832984/hope-after-defeat
[2024-05-12T18:36:48.973+0000] {logging_mixin.py:188} INFO - Error occurred while accessing https://www.dawn.com/authors/815/reema-omer: 403 Client Error: Forbidden for url: https://www.dawn.com/authors/815/reema-omer
[2024-05-12T18:37:17.165+0000] {logging_mixin.py:188} INFO - Error occurred while accessing https://www.dawn.com/news/1832993/areas-of-cooperation-with-saudi-arabia-identified-pm-shehbaz: 403 Client Error: Forbidden for url: https://www.dawn.com/news/1832993/areas-of-cooperation-with-saudi-arabia-identified-pm-shehbaz
[2024-05-12T18:37:19.861+0000] {logging_mixin.py:188} INFO - Error occurred while accessing https://www.dawn.com/news/1832994: 403 Client Error: Forbidden for url: https://www.dawn.com/news/1832994
[2024-05-12T18:37:23.205+0000] {logging_mixin.py:188} INFO - Error occurred while accessing https://www.dawn.com/news/1832999/exports-to-europe-fall-despite-gsp: 403 Client Error: Forbidden for url: https://www.dawn.com/news/1832999/exports-to-europe-fall-despite-gsp
[2024-05-12T18:37:25.748+0000] {logging_mixin.py:188} INFO - Error occurred while accessing https://www.dawn.com/news/1832999/exports-to-europe-fall-despite-gsp: 403 Client Error: Forbidden for url: https://www.dawn.com/news/1832999/exports-to-europe-fall-despite-gsp
[2024-05-12T18:38:28.586+0000] {logging_mixin.py:188} INFO - Error occurred while accessing https://images.dawn.com/news/1192429/men-must-take-the-lead-in-standing-up-against-sexual-harassment-says-hamza-ali-abbasi: 403 Client Error: Forbidden for url: https://images.dawn.com/news/1192429/men-must-take-the-lead-in-standing-up-against-sexual-harassment-says-hamza-ali-abbasi
[2024-05-12T18:38:36.392+0000] {logging_mixin.py:188} INFO - Error occurred while accessing https://images.dawn.com/news/1192428/we-asked-moms-what-they-really-want-for-mothers-day-and-no-it-isnt-a-kurta-or-a-candle: 403 Client Error: Forbidden for url: https://images.dawn.com/news/1192428/we-asked-moms-what-they-really-want-for-mothers-day-and-no-it-isnt-a-kurta-or-a-candle
[2024-05-12T18:38:46.984+0000] {logging_mixin.py:188} INFO - Error occurred while accessing https://www.dawn.com/news/1823323/fistula-and-child-marriages-the-two-epidemics-plaguing-women-in-gilgit-baltistan: 403 Client Error: Forbidden for url: https://www.dawn.com/news/1823323/fistula-and-child-marriages-the-two-epidemics-plaguing-women-in-gilgit-baltistan
[2024-05-12T18:38:50.227+0000] {logging_mixin.py:188} INFO - Error occurred while accessing https://www.dawn.com/authors/10965/shereen-karim: 403 Client Error: Forbidden for url: https://www.dawn.com/authors/10965/shereen-karim
[2024-05-12T18:38:54.629+0000] {logging_mixin.py:188} INFO - Error occurred while accessing https://www.dawn.com/news/1828987/2024-elections-whats-at-stake-for-indias-minorities: 403 Client Error: Forbidden for url: https://www.dawn.com/news/1828987/2024-elections-whats-at-stake-for-indias-minorities
[2024-05-12T18:38:58.187+0000] {logging_mixin.py:188} INFO - Error occurred while accessing https://www.dawn.com/news/1829562/from-screens-to-streets-how-gen-z-is-disrupting-the-status-quo-and-redefining-activism: 403 Client Error: Forbidden for url: https://www.dawn.com/news/1829562/from-screens-to-streets-how-gen-z-is-disrupting-the-status-quo-and-redefining-activism
[2024-05-12T18:39:35.760+0000] {logging_mixin.py:188} INFO - Error occurred while accessing https://www.dawn.com/authors/9288/neha-maqsood: 403 Client Error: Forbidden for url: https://www.dawn.com/authors/9288/neha-maqsood
[2024-05-12T18:39:47.754+0000] {logging_mixin.py:188} INFO - Error occurred while accessing https://www.dawn.com/authors/1245/maliha-rehman: 403 Client Error: Forbidden for url: https://www.dawn.com/authors/1245/maliha-rehman
[2024-05-12T18:39:49.069+0000] {logging_mixin.py:188} INFO - Error occurred while accessing https://www.dawn.com/news/1832572/soundscape-and-now-ai-music: 403 Client Error: Forbidden for url: https://www.dawn.com/news/1832572/soundscape-and-now-ai-music
[2024-05-12T18:39:51.896+0000] {logging_mixin.py:188} INFO - Error occurred while accessing https://www.dawn.com/authors/11037/oliver-bown: 403 Client Error: Forbidden for url: https://www.dawn.com/authors/11037/oliver-bown
[2024-05-12T18:40:01.581+0000] {logging_mixin.py:188} INFO - Error occurred while accessing https://www.dawn.com/news/1831798/packaging-film-sector-on-the-rise: 403 Client Error: Forbidden for url: https://www.dawn.com/news/1831798/packaging-film-sector-on-the-rise
[2024-05-12T18:40:05.388+0000] {logging_mixin.py:188} INFO - Error occurred while accessing https://www.dawn.com/news/1831796/wheats-tricky-procurement: 403 Client Error: Forbidden for url: https://www.dawn.com/news/1831796/wheats-tricky-procurement
[2024-05-12T18:40:11.020+0000] {logging_mixin.py:188} INFO - Error occurred while accessing https://www.dawn.com/news/1832758/echoes-of-love: 403 Client Error: Forbidden for url: https://www.dawn.com/news/1832758/echoes-of-love
[2024-05-12T18:40:13.261+0000] {logging_mixin.py:188} INFO - Error occurred while accessing https://www.dawn.com/news/1832757/mailbox: 403 Client Error: Forbidden for url: https://www.dawn.com/news/1832757/mailbox
[2024-05-12T18:41:03.531+0000] {logging_mixin.py:188} INFO - Error occurred while accessing https://twitter.com/dawn_com: HTTPSConnectionPool(host='twitter.com', port=443): Max retries exceeded with url: /dawn_com (Caused by SSLError(SSLEOFError(8, '[SSL: UNEXPECTED_EOF_WHILE_READING] EOF occurred in violation of protocol (_ssl.c:1000)')))
[2024-05-12T18:44:57.657+0000] {python.py:237} INFO - Done. Returned value was: None
[2024-05-12T18:44:57.660+0000] {taskinstance.py:441} INFO - ::group::Post task execution logs
[2024-05-12T18:44:57.686+0000] {taskinstance.py:1206} INFO - Marking task as SUCCESS. dag_id=Data_Extraction_Transformation_Loading_4, task_id=extract_data, run_id=scheduled__2024-05-11T00:00:00+00:00, execution_date=20240511T000000, start_date=20240512T182852, end_date=20240512T184457
[2024-05-12T18:44:57.805+0000] {local_task_job_runner.py:240} INFO - Task exited with return code 0
[2024-05-12T18:44:57.945+0000] {taskinstance.py:3498} INFO - 1 downstream tasks scheduled from follow-on schedule check
[2024-05-12T18:44:57.973+0000] {local_task_job_runner.py:222} INFO - ::endgroup::
