[2024-05-12T17:40:26.691+0000] {local_task_job_runner.py:120} INFO - ::group::Pre task execution logs
[2024-05-12T17:40:26.749+0000] {taskinstance.py:2076} INFO - Dependencies all met for dep_context=non-requeueable deps ti=<TaskInstance: Data_Extraction_Transformation_Loading.dvc_init scheduled__2024-05-11T00:00:00+00:00 [queued]>
[2024-05-12T17:40:26.774+0000] {taskinstance.py:2076} INFO - Dependencies all met for dep_context=requeueable deps ti=<TaskInstance: Data_Extraction_Transformation_Loading.dvc_init scheduled__2024-05-11T00:00:00+00:00 [queued]>
[2024-05-12T17:40:26.775+0000] {taskinstance.py:2306} INFO - Starting attempt 1 of 2
[2024-05-12T17:40:26.846+0000] {taskinstance.py:2330} INFO - Executing <Task(BashOperator): dvc_init> on 2024-05-11 00:00:00+00:00
[2024-05-12T17:40:26.860+0000] {standard_task_runner.py:90} INFO - Running: ['airflow', 'tasks', 'run', 'Data_Extraction_Transformation_Loading', 'dvc_init', 'scheduled__2024-05-11T00:00:00+00:00', '--job-id', '108', '--raw', '--subdir', 'DAGS_FOLDER/i202478_dag.py', '--cfg-path', '/tmp/tmplwyueykt']
[2024-05-12T17:40:26.867+0000] {standard_task_runner.py:91} INFO - Job 108: Subtask dvc_init
[2024-05-12T17:40:26.874+0000] {logging_mixin.py:188} WARNING - /home/airflow/.local/lib/python3.12/site-packages/airflow/task/task_runner/standard_task_runner.py:61 DeprecationWarning: This process (pid=94) is multi-threaded, use of fork() may lead to deadlocks in the child.
[2024-05-12T17:40:26.876+0000] {standard_task_runner.py:63} INFO - Started process 103 to run task
[2024-05-12T17:40:27.067+0000] {task_command.py:426} INFO - Running <TaskInstance: Data_Extraction_Transformation_Loading.dvc_init scheduled__2024-05-11T00:00:00+00:00 [running]> on host da8cc0c3f69d
[2024-05-12T17:40:27.282+0000] {taskinstance.py:2648} INFO - Exporting env vars: AIRFLOW_CTX_DAG_OWNER='airflow' AIRFLOW_CTX_DAG_ID='Data_Extraction_Transformation_Loading' AIRFLOW_CTX_TASK_ID='dvc_init' AIRFLOW_CTX_EXECUTION_DATE='2024-05-11T00:00:00+00:00' AIRFLOW_CTX_TRY_NUMBER='1' AIRFLOW_CTX_DAG_RUN_ID='scheduled__2024-05-11T00:00:00+00:00'
[2024-05-12T17:40:27.283+0000] {taskinstance.py:430} INFO - ::endgroup::
[2024-05-12T17:40:27.300+0000] {subprocess.py:63} INFO - Tmp dir root location: /tmp
[2024-05-12T17:40:27.302+0000] {subprocess.py:75} INFO - Running command: ['/usr/bin/bash', '-c', 'dvc init --force --no-scm']
[2024-05-12T17:40:27.310+0000] {subprocess.py:86} INFO - Output:
[2024-05-12T17:40:29.113+0000] {subprocess.py:93} INFO - Initialized DVC repository.
[2024-05-12T17:40:29.114+0000] {subprocess.py:93} INFO - 
[2024-05-12T17:40:29.116+0000] {subprocess.py:93} INFO - +---------------------------------------------------------------------+
[2024-05-12T17:40:29.117+0000] {subprocess.py:93} INFO - |                                                                     |
[2024-05-12T17:40:29.118+0000] {subprocess.py:93} INFO - |        DVC has enabled anonymous aggregate usage analytics.         |
[2024-05-12T17:40:29.119+0000] {subprocess.py:93} INFO - |     Read the analytics documentation (and how to opt-out) here:     |
[2024-05-12T17:40:29.119+0000] {subprocess.py:93} INFO - |             <https://dvc.org/doc/user-guide/analytics>              |
[2024-05-12T17:40:29.120+0000] {subprocess.py:93} INFO - |                                                                     |
[2024-05-12T17:40:29.121+0000] {subprocess.py:93} INFO - +---------------------------------------------------------------------+
[2024-05-12T17:40:29.122+0000] {subprocess.py:93} INFO - 
[2024-05-12T17:40:29.122+0000] {subprocess.py:93} INFO - What's next?
[2024-05-12T17:40:29.123+0000] {subprocess.py:93} INFO - ------------
[2024-05-12T17:40:29.123+0000] {subprocess.py:93} INFO - - Check out the documentation: <https://dvc.org/doc>
[2024-05-12T17:40:29.124+0000] {subprocess.py:93} INFO - - Get help and share ideas: <https://dvc.org/chat>
[2024-05-12T17:40:29.124+0000] {subprocess.py:93} INFO - - Star us on GitHub: <https://github.com/iterative/dvc>
[2024-05-12T17:40:29.350+0000] {subprocess.py:97} INFO - Command exited with return code 0
[2024-05-12T17:40:29.352+0000] {taskinstance.py:441} INFO - ::group::Post task execution logs
[2024-05-12T17:40:29.433+0000] {taskinstance.py:1206} INFO - Marking task as SUCCESS. dag_id=Data_Extraction_Transformation_Loading, task_id=dvc_init, run_id=scheduled__2024-05-11T00:00:00+00:00, execution_date=20240511T000000, start_date=20240512T174026, end_date=20240512T174029
[2024-05-12T17:40:29.553+0000] {local_task_job_runner.py:240} INFO - Task exited with return code 0
[2024-05-12T17:40:29.622+0000] {taskinstance.py:3498} INFO - 1 downstream tasks scheduled from follow-on schedule check
[2024-05-12T17:40:29.651+0000] {local_task_job_runner.py:222} INFO - ::endgroup::
