[2024-05-12T18:28:29.222+0000] {local_task_job_runner.py:120} INFO - ::group::Pre task execution logs
[2024-05-12T18:28:29.290+0000] {taskinstance.py:2076} INFO - Dependencies all met for dep_context=non-requeueable deps ti=<TaskInstance: Data_Extraction_Transformation_Loading_4.dvc_remote_add scheduled__2024-05-11T00:00:00+00:00 [queued]>
[2024-05-12T18:28:29.322+0000] {taskinstance.py:2076} INFO - Dependencies all met for dep_context=requeueable deps ti=<TaskInstance: Data_Extraction_Transformation_Loading_4.dvc_remote_add scheduled__2024-05-11T00:00:00+00:00 [queued]>
[2024-05-12T18:28:29.323+0000] {taskinstance.py:2306} INFO - Starting attempt 1 of 2
[2024-05-12T18:28:29.409+0000] {taskinstance.py:2330} INFO - Executing <Task(BashOperator): dvc_remote_add> on 2024-05-11 00:00:00+00:00
[2024-05-12T18:28:29.419+0000] {standard_task_runner.py:90} INFO - Running: ['airflow', 'tasks', 'run', 'Data_Extraction_Transformation_Loading_4', 'dvc_remote_add', 'scheduled__2024-05-11T00:00:00+00:00', '--job-id', '130', '--raw', '--subdir', 'DAGS_FOLDER/i202478_dag.py', '--cfg-path', '/tmp/tmpn0_lhsgx']
[2024-05-12T18:28:29.424+0000] {standard_task_runner.py:91} INFO - Job 130: Subtask dvc_remote_add
[2024-05-12T18:28:29.429+0000] {logging_mixin.py:188} WARNING - /home/airflow/.local/lib/python3.12/site-packages/airflow/task/task_runner/standard_task_runner.py:61 DeprecationWarning: This process (pid=583) is multi-threaded, use of fork() may lead to deadlocks in the child.
[2024-05-12T18:28:29.430+0000] {standard_task_runner.py:63} INFO - Started process 592 to run task
[2024-05-12T18:28:29.590+0000] {task_command.py:426} INFO - Running <TaskInstance: Data_Extraction_Transformation_Loading_4.dvc_remote_add scheduled__2024-05-11T00:00:00+00:00 [running]> on host da8cc0c3f69d
[2024-05-12T18:28:29.853+0000] {taskinstance.py:2648} INFO - Exporting env vars: AIRFLOW_CTX_DAG_OWNER='airflow' AIRFLOW_CTX_DAG_ID='Data_Extraction_Transformation_Loading_4' AIRFLOW_CTX_TASK_ID='dvc_remote_add' AIRFLOW_CTX_EXECUTION_DATE='2024-05-11T00:00:00+00:00' AIRFLOW_CTX_TRY_NUMBER='1' AIRFLOW_CTX_DAG_RUN_ID='scheduled__2024-05-11T00:00:00+00:00'
[2024-05-12T18:28:29.857+0000] {taskinstance.py:430} INFO - ::endgroup::
[2024-05-12T18:28:29.880+0000] {subprocess.py:63} INFO - Tmp dir root location: /tmp
[2024-05-12T18:28:29.882+0000] {subprocess.py:75} INFO - Running command: ['/usr/bin/bash', '-c', 'cd /opt/airflow/dvc_repo && dvc remote add -d my_google_drive gdrive://1i3kGKsxTKMw3-tN9wpJ6fHjrIOoFaO0j -f']
[2024-05-12T18:28:29.897+0000] {subprocess.py:86} INFO - Output:
[2024-05-12T18:28:31.582+0000] {subprocess.py:93} INFO - Setting 'my_google_drive' as a default remote.
[2024-05-12T18:28:31.981+0000] {subprocess.py:97} INFO - Command exited with return code 0
[2024-05-12T18:28:31.982+0000] {taskinstance.py:441} INFO - ::group::Post task execution logs
[2024-05-12T18:28:32.082+0000] {taskinstance.py:1206} INFO - Marking task as SUCCESS. dag_id=Data_Extraction_Transformation_Loading_4, task_id=dvc_remote_add, run_id=scheduled__2024-05-11T00:00:00+00:00, execution_date=20240511T000000, start_date=20240512T182829, end_date=20240512T182832
[2024-05-12T18:28:32.188+0000] {local_task_job_runner.py:240} INFO - Task exited with return code 0
[2024-05-12T18:28:32.276+0000] {taskinstance.py:3498} INFO - 1 downstream tasks scheduled from follow-on schedule check
[2024-05-12T18:28:32.300+0000] {local_task_job_runner.py:222} INFO - ::endgroup::
