[2024-05-12T17:12:54.909+0000] {local_task_job_runner.py:120} INFO - ::group::Pre task execution logs
[2024-05-12T17:12:54.967+0000] {taskinstance.py:2076} INFO - Dependencies all met for dep_context=non-requeueable deps ti=<TaskInstance: Data_Extraction_Transformation_Loading_5.git_init manual__2024-05-12T17:12:46.566764+00:00 [queued]>
[2024-05-12T17:12:55.000+0000] {taskinstance.py:2076} INFO - Dependencies all met for dep_context=requeueable deps ti=<TaskInstance: Data_Extraction_Transformation_Loading_5.git_init manual__2024-05-12T17:12:46.566764+00:00 [queued]>
[2024-05-12T17:12:55.001+0000] {taskinstance.py:2306} INFO - Starting attempt 1 of 2
[2024-05-12T17:12:55.065+0000] {taskinstance.py:2330} INFO - Executing <Task(BashOperator): git_init> on 2024-05-12 17:12:46.566764+00:00
[2024-05-12T17:12:55.074+0000] {standard_task_runner.py:90} INFO - Running: ['airflow', 'tasks', 'run', 'Data_Extraction_Transformation_Loading_5', 'git_init', 'manual__2024-05-12T17:12:46.566764+00:00', '--job-id', '92', '--raw', '--subdir', 'DAGS_FOLDER/i202478_dag.py', '--cfg-path', '/tmp/tmpz8y952c_']
[2024-05-12T17:12:55.077+0000] {standard_task_runner.py:91} INFO - Job 92: Subtask git_init
[2024-05-12T17:12:55.085+0000] {logging_mixin.py:188} WARNING - /home/airflow/.local/lib/python3.12/site-packages/airflow/task/task_runner/standard_task_runner.py:61 DeprecationWarning: This process (pid=132) is multi-threaded, use of fork() may lead to deadlocks in the child.
[2024-05-12T17:12:55.086+0000] {standard_task_runner.py:63} INFO - Started process 141 to run task
[2024-05-12T17:12:55.240+0000] {task_command.py:426} INFO - Running <TaskInstance: Data_Extraction_Transformation_Loading_5.git_init manual__2024-05-12T17:12:46.566764+00:00 [running]> on host 0c931294f372
[2024-05-12T17:12:55.529+0000] {taskinstance.py:2648} INFO - Exporting env vars: AIRFLOW_CTX_DAG_OWNER='airflow' AIRFLOW_CTX_DAG_ID='Data_Extraction_Transformation_Loading_5' AIRFLOW_CTX_TASK_ID='git_init' AIRFLOW_CTX_EXECUTION_DATE='2024-05-12T17:12:46.566764+00:00' AIRFLOW_CTX_TRY_NUMBER='1' AIRFLOW_CTX_DAG_RUN_ID='manual__2024-05-12T17:12:46.566764+00:00'
[2024-05-12T17:12:55.533+0000] {taskinstance.py:430} INFO - ::endgroup::
[2024-05-12T17:12:55.548+0000] {subprocess.py:63} INFO - Tmp dir root location: /tmp
[2024-05-12T17:12:55.550+0000] {subprocess.py:75} INFO - Running command: ['/usr/bin/bash', '-c', 'git init']
[2024-05-12T17:12:55.558+0000] {subprocess.py:86} INFO - Output:
[2024-05-12T17:12:55.567+0000] {subprocess.py:93} INFO - hint: Using 'master' as the name for the initial branch. This default branch name
[2024-05-12T17:12:55.568+0000] {subprocess.py:93} INFO - hint: is subject to change. To configure the initial branch name to use in all
[2024-05-12T17:12:55.569+0000] {subprocess.py:93} INFO - hint: of your new repositories, which will suppress this warning, call:
[2024-05-12T17:12:55.570+0000] {subprocess.py:93} INFO - hint:
[2024-05-12T17:12:55.571+0000] {subprocess.py:93} INFO - hint: 	git config --global init.defaultBranch <name>
[2024-05-12T17:12:55.571+0000] {subprocess.py:93} INFO - hint:
[2024-05-12T17:12:55.572+0000] {subprocess.py:93} INFO - hint: Names commonly chosen instead of 'master' are 'main', 'trunk' and
[2024-05-12T17:12:55.573+0000] {subprocess.py:93} INFO - hint: 'development'. The just-created branch can be renamed via this command:
[2024-05-12T17:12:55.573+0000] {subprocess.py:93} INFO - hint:
[2024-05-12T17:12:55.574+0000] {subprocess.py:93} INFO - hint: 	git branch -m <name>
[2024-05-12T17:12:55.575+0000] {subprocess.py:93} INFO - Initialized empty Git repository in /tmp/airflowtmpxk9q1_vw/.git/
[2024-05-12T17:12:55.575+0000] {subprocess.py:97} INFO - Command exited with return code 0
[2024-05-12T17:12:55.578+0000] {taskinstance.py:441} INFO - ::group::Post task execution logs
[2024-05-12T17:12:55.677+0000] {taskinstance.py:1206} INFO - Marking task as SUCCESS. dag_id=Data_Extraction_Transformation_Loading_5, task_id=git_init, run_id=manual__2024-05-12T17:12:46.566764+00:00, execution_date=20240512T171246, start_date=20240512T171254, end_date=20240512T171255
[2024-05-12T17:12:55.785+0000] {local_task_job_runner.py:240} INFO - Task exited with return code 0
[2024-05-12T17:12:55.886+0000] {taskinstance.py:3498} INFO - 1 downstream tasks scheduled from follow-on schedule check
[2024-05-12T17:12:55.905+0000] {local_task_job_runner.py:222} INFO - ::endgroup::
